Log file open, 09/07/20 17:58:55
LogInit: Display: Running engine for game: demo0
LogPlatformFile: Not using cached read wrapper
LogTaskGraph: Started task graph with 5 named threads and 35 total threads with 3 sets of task threads.
LogStats: Stats thread started at 1.971598
LogD3D11RHI: Loaded GFSDK_Aftermath_Lib.x64.dll
LogICUInternationalization: ICU TimeZone Detection - Raw Offset: +8:00, Platform Override: ''
LogPluginManager: Mounting plugin Paper2D
LogPluginManager: Mounting plugin AISupport
LogPluginManager: Mounting plugin LightPropagationVolume
LogPluginManager: Mounting plugin CameraShakePreviewer
LogPluginManager: Mounting plugin ActorLayerUtilities
LogPluginManager: Mounting plugin AnimationSharing
LogPluginManager: Mounting plugin CLionSourceCodeAccess
LogPluginManager: Mounting plugin CodeLiteSourceCodeAccess
LogPluginManager: Mounting plugin GitSourceControl
LogPluginManager: Mounting plugin KDevelopSourceCodeAccess
LogPluginManager: Mounting plugin NullSourceCodeAccess
LogPluginManager: Mounting plugin PerforceSourceControl
LogPluginManager: Mounting plugin PlasticSourceControl
LogPluginManager: Mounting plugin RiderSourceCodeAccess
LogPluginManager: Mounting plugin SubversionSourceControl
LogPluginManager: Mounting plugin UObjectPlugin
LogPluginManager: Mounting plugin VisualStudioCodeSourceCodeAccess
LogPluginManager: Mounting plugin VisualStudioSourceCodeAccess
LogPluginManager: Mounting plugin XCodeSourceCodeAccess
LogPluginManager: Mounting plugin AssetManagerEditor
LogPluginManager: Mounting plugin CryptoKeys
LogPluginManager: Mounting plugin CurveEditorTools
LogPluginManager: Mounting plugin DataValidation
LogPluginManager: Mounting plugin EditorScriptingUtilities
LogPluginManager: Mounting plugin FacialAnimation
LogPluginManager: Mounting plugin GameplayTagsEditor
LogPluginManager: Mounting plugin GeometryMode
LogPluginManager: Mounting plugin MacGraphicsSwitching
LogPluginManager: Mounting plugin MaterialAnalyzer
LogPluginManager: Mounting plugin MeshEditor
LogPluginManager: Mounting plugin MobileLauncherProfileWizard
LogPluginManager: Mounting plugin PluginBrowser
LogPluginManager: Mounting plugin SpeedTreeImporter
LogPluginManager: Mounting plugin DataprepEditor
LogPluginManager: Mounting plugin DatasmithContent
LogPluginManager: Mounting plugin StaticMeshEditorExtension
LogPluginManager: Mounting plugin VariantManagerContent
LogPluginManager: Mounting plugin AlembicImporter
LogPluginManager: Mounting plugin AutomationUtils
LogPluginManager: Mounting plugin BackChannel
LogPluginManager: Mounting plugin BlastPlugin
LogPluginManager: Mounting plugin ChaosCloth
LogPluginManager: Mounting plugin ChaosClothEditor
LogPluginManager: Mounting plugin ChaosEditor
LogPluginManager: Mounting plugin ChaosNiagara
LogPluginManager: Mounting plugin ChaosSolverPlugin
LogPluginManager: Mounting plugin CharacterAI
LogPluginManager: Mounting plugin GeometryCache
LogPluginManager: Mounting plugin GeometryCollectionPlugin
LogPluginManager: Mounting plugin GeometryProcessing
LogPluginManager: Mounting plugin PlanarCut
LogPluginManager: Mounting plugin PlatformCrypto
LogPluginManager: Mounting plugin ProxyLODPlugin
LogPluginManager: Mounting plugin SkeletalReduction
LogPluginManager: Mounting plugin Niagara
LogPluginManager: Mounting plugin MagicLeap
LogPluginManager: Mounting plugin MagicLeapLightEstimation
LogPluginManager: Mounting plugin MagicLeapMedia
LogPluginManager: Mounting plugin MagicLeapPassableWorld
LogPluginManager: Mounting plugin MLSDK
LogPluginManager: Mounting plugin AndroidMedia
LogPluginManager: Mounting plugin AvfMedia
LogPluginManager: Mounting plugin ImgMedia
LogPluginManager: Mounting plugin MediaCompositing
LogPluginManager: Mounting plugin MediaPlayerEditor
LogPluginManager: Mounting plugin WebMMedia
LogPluginManager: Mounting plugin WmfMedia
LogPluginManager: Mounting plugin MeshPainting
LogPluginManager: Mounting plugin TcpMessaging
LogPluginManager: Mounting plugin UdpMessaging
LogPluginManager: Mounting plugin ActorSequence
LogPluginManager: Mounting plugin LevelSequenceEditor
LogPluginManager: Mounting plugin MatineeToLevelSequence
LogPluginManager: Mounting plugin MovieRenderPipeline
LogPluginManager: Mounting plugin TemplateSequence
LogPluginManager: Mounting plugin NetcodeUnitTest
LogPluginManager: Mounting plugin NUTUnrealEngine4
LogPluginManager: Mounting plugin OnlineSubsystemGooglePlay
LogPluginManager: Mounting plugin OnlineSubsystemIOS
LogPluginManager: Mounting plugin OnlineSubsystem
LogPluginManager: Mounting plugin OnlineSubsystemNull
LogPluginManager: Mounting plugin OnlineSubsystemUtils
LogPluginManager: Mounting plugin LauncherChunkInstaller
LogPluginManager: Mounting plugin AndroidDeviceProfileSelector
LogPluginManager: Mounting plugin AndroidMoviePlayer
LogPluginManager: Mounting plugin AndroidPermission
LogPluginManager: Mounting plugin AppleImageUtils
LogPluginManager: Mounting plugin AppleMoviePlayer
LogPluginManager: Mounting plugin ArchVisCharacter
LogPluginManager: Mounting plugin AssetTags
LogPluginManager: Mounting plugin AudioCapture
LogPluginManager: Mounting plugin CableComponent
LogPluginManager: Mounting plugin CustomMeshComponent
LogPluginManager: Mounting plugin EditableMesh
LogPluginManager: Mounting plugin ExampleDeviceProfileSelector
LogPluginManager: Mounting plugin GoogleCloudMessaging
LogPluginManager: Mounting plugin GooglePAD
LogPluginManager: Mounting plugin IOSDeviceProfileSelector
LogPluginManager: Mounting plugin LinuxDeviceProfileSelector
LogPluginManager: Mounting plugin LocationServicesBPLibrary
LogPluginManager: Mounting plugin MobilePatchingUtils
LogPluginManager: Mounting plugin OculusVR
LogPluginManager: Mounting plugin PhysXVehicles
LogPluginManager: Mounting plugin PostSplashScreen
LogPluginManager: Mounting plugin ProceduralMeshComponent
LogPluginManager: Mounting plugin RuntimePhysXCooking
LogPluginManager: Mounting plugin SignificanceManager
LogPluginManager: Mounting plugin SoundFields
LogPluginManager: Mounting plugin SteamVR
LogPluginManager: Mounting plugin Synthesis
LogPluginManager: Mounting plugin WebMMoviePlayer
LogPluginManager: Mounting plugin WindowsMoviePlayer
LogPluginManager: Mounting plugin ScreenshotTools
LogInit: Using libcurl 7.55.1-DEV
LogInit:  - built for x86_64-pc-win32
LogInit:  - supports SSL with OpenSSL/1.1.1
LogInit:  - supports HTTP deflate (compression) using libz 1.2.8
LogInit:  - other features:
LogInit:      CURL_VERSION_SSL
LogInit:      CURL_VERSION_LIBZ
LogInit:      CURL_VERSION_IPV6
LogInit:      CURL_VERSION_ASYNCHDNS
LogInit:      CURL_VERSION_LARGEFILE
LogInit:      CURL_VERSION_IDN
LogInit:  CurlRequestOptions (configurable via config and command line):
LogInit:  - bVerifyPeer = true  - Libcurl will verify peer certificate
LogInit:  - bUseHttpProxy = false  - Libcurl will NOT use HTTP proxy
LogInit:  - bDontReuseConnections = false  - Libcurl will reuse connections
LogInit:  - MaxHostConnections = 16  - Libcurl will limit the number of connections to a host
LogInit:  - LocalHostAddr = Default
LogInit:  - BufferSize = 65536
LogOnline: OSS: Creating online subsystem instance for: NULL
LogInit: WinSock: version 1.1 (2.2), MaxSocks=32767, MaxUdp=65467
LogOnline: OSS: TryLoadSubsystemAndSetDefault: Loaded subsystem for module [NULL]
LogInit: Build: ++UE4+Release-4.25-CL-13594126
LogInit: Engine Version: 4.25.1-13594126+++UE4+Release-4.25
LogInit: Compatible Engine Version: 4.25.0-13144385+++UE4+Release-4.25
LogInit: Net CL: 13144385
LogInit: OS: Windows 10 (Release 1903) (), CPU: Intel(R) Core(TM) i7-9750H CPU @ 2.60GHz, GPU: Intel(R) UHD Graphics 630
LogInit: Compiled (64-bit): Jun  2 2020 02:10:36
LogInit: Compiled with Visual C++: 19.24.28315.00
LogInit: Build Configuration: Development
LogInit: Branch Name: ++UE4+Release-4.25
LogInit: Command Line:  -EpicPortal -epicusername=THUSindorei -epicuserid=53280b13b6d346cab6215d55d8520e98 -epiclocale=zh-CN
LogInit: Base Directory: F:/UE4/UE_4.25/Engine/Binaries/Win64/
LogInit: Allocator: TBB
LogInit: Installed Engine Build: 1
LogDevObjectVersion: Number of dev versions registered: 26
LogDevObjectVersion:   Dev-Blueprints (B0D832E4-1F89-4F0D-ACCF-7EB736FD4AA2): 10
LogDevObjectVersion:   Dev-Build (E1C64328-A22C-4D53-A36C-8E866417BD8C): 0
LogDevObjectVersion:   Dev-Core (375EC13C-06E4-48FB-B500-84F0262A717E): 4
LogDevObjectVersion:   Dev-Editor (E4B068ED-F494-42E9-A231-DA0B2E46BB41): 38
LogDevObjectVersion:   Dev-Framework (CFFC743F-43B0-4480-9391-14DF171D2073): 37
LogDevObjectVersion:   Dev-Mobile (B02B49B5-BB20-44E9-A304-32B752E40360): 2
LogDevObjectVersion:   Dev-Networking (A4E4105C-59A1-49B5-A7C5-40C4547EDFEE): 0
LogDevObjectVersion:   Dev-Online (39C831C9-5AE6-47DC-9A44-9C173E1C8E7C): 0
LogDevObjectVersion:   Dev-Physics (78F01B33-EBEA-4F98-B9B4-84EACCB95AA2): 4
LogDevObjectVersion:   Dev-Platform (6631380F-2D4D-43E0-8009-CF276956A95A): 0
LogDevObjectVersion:   Dev-Rendering (12F88B9F-8875-4AFC-A67C-D90C383ABD29): 43
LogDevObjectVersion:   Dev-Sequencer (7B5AE74C-D270-4C10-A958-57980B212A5A): 12
LogDevObjectVersion:   Dev-VR (D7296918-1DD6-4BDD-9DE2-64A83CC13884): 3
LogDevObjectVersion:   Dev-LoadTimes (C2A15278-BFE7-4AFE-6C17-90FF531DF755): 1
LogDevObjectVersion:   Private-Geometry (6EACA3D4-40EC-4CC1-B786-8BED09428FC5): 3
LogDevObjectVersion:   Dev-AnimPhys (29E575DD-E0A3-4627-9D10-D276232CDCEA): 17
LogDevObjectVersion:   Dev-Anim (AF43A65D-7FD3-4947-9873-3E8ED9C1BB05): 7
LogDevObjectVersion:   Dev-ReflectionCapture (6B266CEC-1EC7-4B8F-A30B-E4D90942FC07): 1
LogDevObjectVersion:   Dev-Automation (0DF73D61-A23F-47EA-B727-89E90C41499A): 1
LogDevObjectVersion:   FortniteMain (601D1886-AC64-4F84-AA16-D3DE0DEAC7D6): 31
LogDevObjectVersion:   Dev-Enterprise (9DFFBCD6-494F-0158-E221-12823C92A888): 10
LogDevObjectVersion:   Dev-Niagara (F2AED0AC-9AFE-416F-8664-AA7FFA26D6FC): 1
LogDevObjectVersion:   Dev-Destruction (174F1F0B-B4C6-45A5-B13F-2EE8D0FB917D): 10
LogDevObjectVersion:   Dev-Physics-Ext (35F94A83-E258-406C-A318-09F59610247C): 37
LogDevObjectVersion:   Dev-PhysicsMaterial-Chaos (B68FC16E-8B1B-42E2-B453-215C058844FE): 1
LogDevObjectVersion:   Dev-CineCamera (B2E18506-4273-CFC2-A54E-F4BB758BBA07): 1
LogInit: Presizing for max 25165824 objects, including 0 objects not considered by GC, pre-allocating 0 bytes for permanent pool.
LogConfig: Applying CVar settings from Section [/Script/Engine.StreamingSettings] File [F:/minigame/UE4/Saved/Config/Windows/Engine.ini]
LogConfig: Setting CVar [[s.MinBulkDataSizeForAsyncLoading:131072]]
LogConfig: Setting CVar [[s.AsyncLoadingThreadEnabled:0]]
LogConfig: Setting CVar [[s.EventDrivenLoaderEnabled:1]]
LogConfig: Setting CVar [[s.WarnIfTimeLimitExceeded:0]]
LogConfig: Setting CVar [[s.TimeLimitExceededMultiplier:1.5]]
LogConfig: Setting CVar [[s.TimeLimitExceededMinTime:0.005]]
LogConfig: Setting CVar [[s.UseBackgroundLevelStreaming:1]]
LogConfig: Setting CVar [[s.PriorityAsyncLoadingExtraTime:15.0]]
LogConfig: Setting CVar [[s.LevelStreamingActorsUpdateTimeLimit:5.0]]
LogConfig: Setting CVar [[s.PriorityLevelStreamingActorsUpdateExtraTime:5.0]]
LogConfig: Setting CVar [[s.LevelStreamingComponentsRegistrationGranularity:10]]
LogConfig: Setting CVar [[s.UnregisterComponentsTimeLimit:1.0]]
LogConfig: Setting CVar [[s.LevelStreamingComponentsUnregistrationGranularity:5]]
LogConfig: Setting CVar [[s.FlushStreamingOnExit:1]]
LogInit: Object subsystem initialized
LogConfig: Setting CVar [[con.DebugEarlyDefault:1]]
LogConfig: Setting CVar [[r.setres:1280x720]]
[2020.09.07-09.58.56:974][  0]LogConfig: Setting CVar [[r.VSync:0]]
[2020.09.07-09.58.56:974][  0]LogConfig: Setting CVar [[r.RHICmdBypass:0]]
[2020.09.07-09.58.56:974][  0]LogConfig: Applying CVar settings from Section [/Script/Engine.RendererSettings] File [F:/minigame/UE4/Saved/Config/Windows/Engine.ini]
[2020.09.07-09.58.56:974][  0]LogConfig: Setting CVar [[r.GPUCrashDebugging:0]]
[2020.09.07-09.58.56:974][  0]LogConfig: Applying CVar settings from Section [/Script/Engine.RendererOverrideSettings] File [F:/minigame/UE4/Saved/Config/Windows/Engine.ini]
[2020.09.07-09.58.56:974][  0]LogConfig: Applying CVar settings from Section [/Script/Engine.StreamingSettings] File [F:/minigame/UE4/Saved/Config/Windows/Engine.ini]
[2020.09.07-09.58.56:974][  0]LogConfig: Setting CVar [[s.MinBulkDataSizeForAsyncLoading:131072]]
[2020.09.07-09.58.56:974][  0]LogConfig: Setting CVar [[s.AsyncLoadingThreadEnabled:0]]
[2020.09.07-09.58.56:974][  0]LogConfig: Setting CVar [[s.EventDrivenLoaderEnabled:1]]
[2020.09.07-09.58.56:974][  0]LogConfig: Setting CVar [[s.WarnIfTimeLimitExceeded:0]]
[2020.09.07-09.58.56:974][  0]LogConfig: Setting CVar [[s.TimeLimitExceededMultiplier:1.5]]
[2020.09.07-09.58.56:974][  0]LogConfig: Setting CVar [[s.TimeLimitExceededMinTime:0.005]]
[2020.09.07-09.58.56:974][  0]LogConfig: Setting CVar [[s.UseBackgroundLevelStreaming:1]]
[2020.09.07-09.58.56:974][  0]LogConfig: Setting CVar [[s.PriorityAsyncLoadingExtraTime:15.0]]
[2020.09.07-09.58.56:974][  0]LogConfig: Setting CVar [[s.LevelStreamingActorsUpdateTimeLimit:5.0]]
[2020.09.07-09.58.56:974][  0]LogConfig: Setting CVar [[s.PriorityLevelStreamingActorsUpdateExtraTime:5.0]]
[2020.09.07-09.58.56:974][  0]LogConfig: Setting CVar [[s.LevelStreamingComponentsRegistrationGranularity:10]]
[2020.09.07-09.58.56:974][  0]LogConfig: Setting CVar [[s.UnregisterComponentsTimeLimit:1.0]]
[2020.09.07-09.58.56:974][  0]LogConfig: Setting CVar [[s.LevelStreamingComponentsUnregistrationGranularity:5]]
[2020.09.07-09.58.56:974][  0]LogConfig: Setting CVar [[s.FlushStreamingOnExit:1]]
[2020.09.07-09.58.56:974][  0]LogConfig: Applying CVar settings from Section [/Script/Engine.GarbageCollectionSettings] File [F:/minigame/UE4/Saved/Config/Windows/Engine.ini]
[2020.09.07-09.58.56:974][  0]LogConfig: Setting CVar [[gc.MaxObjectsNotConsideredByGC:1]]
[2020.09.07-09.58.56:974][  0]LogConfig: Setting CVar [[gc.SizeOfPermanentObjectPool:0]]
[2020.09.07-09.58.56:974][  0]LogConfig: Setting CVar [[gc.FlushStreamingOnGC:0]]
[2020.09.07-09.58.56:974][  0]LogConfig: Setting CVar [[gc.NumRetriesBeforeForcingGC:10]]
[2020.09.07-09.58.56:974][  0]LogConfig: Setting CVar [[gc.AllowParallelGC:1]]
[2020.09.07-09.58.56:974][  0]LogConfig: Setting CVar [[gc.TimeBetweenPurgingPendingKillObjects:61.1]]
[2020.09.07-09.58.56:974][  0]LogConfig: Setting CVar [[gc.MaxObjectsInEditor:25165824]]
[2020.09.07-09.58.56:974][  0]LogConfig: Setting CVar [[gc.IncrementalBeginDestroyEnabled:1]]
[2020.09.07-09.58.56:974][  0]LogConfig: Setting CVar [[gc.CreateGCClusters:1]]
[2020.09.07-09.58.56:974][  0]LogConfig: Setting CVar [[gc.MinGCClusterSize:5]]
[2020.09.07-09.58.56:974][  0]LogConfig: Setting CVar [[gc.ActorClusteringEnabled:0]]
[2020.09.07-09.58.56:974][  0]LogConfig: Setting CVar [[gc.BlueprintClusteringEnabled:0]]
[2020.09.07-09.58.56:974][  0]LogConfig: Setting CVar [[gc.UseDisregardForGCOnDedicatedServers:0]]
[2020.09.07-09.58.56:974][  0]LogConfig: Applying CVar settings from Section [/Script/Engine.NetworkSettings] File [F:/minigame/UE4/Saved/Config/Windows/Engine.ini]
[2020.09.07-09.58.56:974][  0]LogConfig: Applying CVar settings from Section [/Script/UnrealEd.CookerSettings] File [F:/minigame/UE4/Saved/Config/Windows/Engine.ini]
[2020.09.07-09.58.56:978][  0]LogConfig: Applying CVar settings from Section [ViewDistanceQuality@3] File [F:/minigame/UE4/Saved/Config/Windows/Scalability.ini]
[2020.09.07-09.58.56:978][  0]LogConfig: Setting CVar [[r.SkeletalMeshLODBias:0]]
[2020.09.07-09.58.56:978][  0]LogConfig: Setting CVar [[r.ViewDistanceScale:1.0]]
[2020.09.07-09.58.56:978][  0]LogConfig: Applying CVar settings from Section [AntiAliasingQuality@3] File [F:/minigame/UE4/Saved/Config/Windows/Scalability.ini]
[2020.09.07-09.58.56:978][  0]LogConfig: Setting CVar [[r.PostProcessAAQuality:4]]
[2020.09.07-09.58.56:978][  0]LogConfig: Applying CVar settings from Section [ShadowQuality@3] File [F:/minigame/UE4/Saved/Config/Windows/Scalability.ini]
[2020.09.07-09.58.56:978][  0]LogConfig: Setting CVar [[r.LightFunctionQuality:1]]
[2020.09.07-09.58.56:978][  0]LogConfig: Setting CVar [[r.ShadowQuality:5]]
[2020.09.07-09.58.56:978][  0]LogConfig: Setting CVar [[r.Shadow.CSM.MaxCascades:10]]
[2020.09.07-09.58.56:978][  0]LogConfig: Setting CVar [[r.Shadow.MaxResolution:2048]]
[2020.09.07-09.58.56:978][  0]LogConfig: Setting CVar [[r.Shadow.MaxCSMResolution:2048]]
[2020.09.07-09.58.56:978][  0]LogConfig: Setting CVar [[r.Shadow.RadiusThreshold:0.01]]
[2020.09.07-09.58.56:978][  0]LogConfig: Setting CVar [[r.Shadow.DistanceScale:1.0]]
[2020.09.07-09.58.56:978][  0]LogConfig: Setting CVar [[r.Shadow.CSM.TransitionScale:1.0]]
[2020.09.07-09.58.56:978][  0]LogConfig: Setting CVar [[r.Shadow.PreShadowResolutionFactor:1.0]]
[2020.09.07-09.58.56:978][  0]LogConfig: Setting CVar [[r.DistanceFieldShadowing:1]]
[2020.09.07-09.58.56:978][  0]LogConfig: Setting CVar [[r.DistanceFieldAO:1]]
[2020.09.07-09.58.56:978][  0]LogConfig: Setting CVar [[r.AOQuality:2]]
[2020.09.07-09.58.56:978][  0]LogConfig: Setting CVar [[r.VolumetricFog:1]]
[2020.09.07-09.58.56:978][  0]LogConfig: Setting CVar [[r.VolumetricFog.GridPixelSize:8]]
[2020.09.07-09.58.56:978][  0]LogConfig: Setting CVar [[r.VolumetricFog.GridSizeZ:128]]
[2020.09.07-09.58.56:978][  0]LogConfig: Setting CVar [[r.VolumetricFog.HistoryMissSupersampleCount:4]]
[2020.09.07-09.58.56:978][  0]LogConfig: Setting CVar [[r.LightMaxDrawDistanceScale:1]]
[2020.09.07-09.58.56:978][  0]LogConfig: Setting CVar [[r.CapsuleShadows:1]]
[2020.09.07-09.58.56:978][  0]LogConfig: Applying CVar settings from Section [PostProcessQuality@3] File [F:/minigame/UE4/Saved/Config/Windows/Scalability.ini]
[2020.09.07-09.58.56:978][  0]LogConfig: Setting CVar [[r.MotionBlurQuality:4]]
[2020.09.07-09.58.56:978][  0]LogConfig: Setting CVar [[r.AmbientOcclusionMipLevelFactor:0.4]]
[2020.09.07-09.58.56:978][  0]LogConfig: Setting CVar [[r.AmbientOcclusionMaxQuality:100]]
[2020.09.07-09.58.56:978][  0]LogConfig: Setting CVar [[r.AmbientOcclusionLevels:-1]]
[2020.09.07-09.58.56:978][  0]LogConfig: Setting CVar [[r.AmbientOcclusionRadiusScale:1.0]]
[2020.09.07-09.58.56:978][  0]LogConfig: Setting CVar [[r.DepthOfFieldQuality:2]]
[2020.09.07-09.58.56:978][  0]LogConfig: Setting CVar [[r.RenderTargetPoolMin:400]]
[2020.09.07-09.58.56:978][  0]LogConfig: Setting CVar [[r.LensFlareQuality:2]]
[2020.09.07-09.58.56:978][  0]LogConfig: Setting CVar [[r.SceneColorFringeQuality:1]]
[2020.09.07-09.58.56:978][  0]LogConfig: Setting CVar [[r.EyeAdaptationQuality:2]]
[2020.09.07-09.58.56:978][  0]LogConfig: Setting CVar [[r.BloomQuality:5]]
[2020.09.07-09.58.56:978][  0]LogConfig: Setting CVar [[r.FastBlurThreshold:100]]
[2020.09.07-09.58.56:979][  0]LogConfig: Setting CVar [[r.Upscale.Quality:3]]
[2020.09.07-09.58.56:979][  0]LogConfig: Setting CVar [[r.Tonemapper.GrainQuantization:1]]
[2020.09.07-09.58.56:979][  0]LogConfig: Setting CVar [[r.LightShaftQuality:1]]
[2020.09.07-09.58.56:979][  0]LogConfig: Setting CVar [[r.Filter.SizeScale:1]]
[2020.09.07-09.58.56:979][  0]LogConfig: Setting CVar [[r.Tonemapper.Quality:5]]
[2020.09.07-09.58.56:979][  0]LogConfig: Setting CVar [[r.DOF.Gather.AccumulatorQuality:1        ; higher gathering accumulator quality]]
[2020.09.07-09.58.56:979][  0]LogConfig: Setting CVar [[r.DOF.Gather.PostfilterMethod:1          ; Median3x3 postfilering method]]
[2020.09.07-09.58.56:979][  0]LogConfig: Setting CVar [[r.DOF.Gather.EnableBokehSettings:0       ; no bokeh simulation when gathering]]
[2020.09.07-09.58.56:979][  0]LogConfig: Setting CVar [[r.DOF.Gather.RingCount:4                 ; medium number of samples when gathering]]
[2020.09.07-09.58.56:979][  0]LogConfig: Setting CVar [[r.DOF.Scatter.ForegroundCompositing:1    ; additive foreground scattering]]
[2020.09.07-09.58.56:979][  0]LogConfig: Setting CVar [[r.DOF.Scatter.BackgroundCompositing:2    ; additive background scattering]]
[2020.09.07-09.58.56:979][  0]LogConfig: Setting CVar [[r.DOF.Scatter.EnableBokehSettings:1      ; bokeh simulation when scattering]]
[2020.09.07-09.58.56:979][  0]LogConfig: Setting CVar [[r.DOF.Scatter.MaxSpriteRatio:0.1         ; only a maximum of 10% of scattered bokeh]]
[2020.09.07-09.58.56:979][  0]LogConfig: Setting CVar [[r.DOF.Recombine.Quality:1                ; cheap slight out of focus]]
[2020.09.07-09.58.56:979][  0]LogConfig: Setting CVar [[r.DOF.Recombine.EnableBokehSettings:0    ; no bokeh simulation on slight out of focus]]
[2020.09.07-09.58.56:979][  0]LogConfig: Setting CVar [[r.DOF.TemporalAAQuality:1                ; more stable temporal accumulation]]
[2020.09.07-09.58.56:979][  0]LogConfig: Setting CVar [[r.DOF.Kernel.MaxForegroundRadius:0.025]]
[2020.09.07-09.58.56:979][  0]LogConfig: Setting CVar [[r.DOF.Kernel.MaxBackgroundRadius:0.025]]
[2020.09.07-09.58.56:979][  0]LogConfig: Applying CVar settings from Section [TextureQuality@3] File [F:/minigame/UE4/Saved/Config/Windows/Scalability.ini]
[2020.09.07-09.58.56:979][  0]LogConfig: Setting CVar [[r.Streaming.MipBias:0]]
[2020.09.07-09.58.56:979][  0]LogConfig: Setting CVar [[r.Streaming.AmortizeCPUToGPUCopy:0]]
[2020.09.07-09.58.56:979][  0]LogConfig: Setting CVar [[r.Streaming.MaxNumTexturesToStreamPerFrame:0]]
[2020.09.07-09.58.56:979][  0]LogConfig: Setting CVar [[r.Streaming.Boost:1]]
[2020.09.07-09.58.56:979][  0]LogConfig: Setting CVar [[r.MaxAnisotropy:8]]
[2020.09.07-09.58.56:979][  0]LogConfig: Setting CVar [[r.VT.MaxAnisotropy:8]]
[2020.09.07-09.58.56:979][  0]LogConfig: Setting CVar [[r.Streaming.LimitPoolSizeToVRAM:0]]
[2020.09.07-09.58.56:979][  0]LogConfig: Setting CVar [[r.Streaming.PoolSize:1000]]
[2020.09.07-09.58.56:979][  0]LogConfig: Setting CVar [[r.Streaming.MaxEffectiveScreenSize:0]]
[2020.09.07-09.58.56:979][  0]LogConfig: Applying CVar settings from Section [EffectsQuality@3] File [F:/minigame/UE4/Saved/Config/Windows/Scalability.ini]
[2020.09.07-09.58.56:979][  0]LogConfig: Setting CVar [[r.TranslucencyLightingVolumeDim:64]]
[2020.09.07-09.58.56:979][  0]LogConfig: Setting CVar [[r.RefractionQuality:2]]
[2020.09.07-09.58.56:979][  0]LogConfig: Setting CVar [[r.SSR.Quality:3]]
[2020.09.07-09.58.56:979][  0]LogConfig: Setting CVar [[r.SSR.HalfResSceneColor:0]]
[2020.09.07-09.58.56:979][  0]LogConfig: Setting CVar [[r.SceneColorFormat:4]]
[2020.09.07-09.58.56:979][  0]LogConfig: Setting CVar [[r.DetailMode:2]]
[2020.09.07-09.58.56:979][  0]LogConfig: Setting CVar [[r.TranslucencyVolumeBlur:1]]
[2020.09.07-09.58.56:979][  0]LogConfig: Setting CVar [[r.MaterialQualityLevel:1 ; High quality]]
[2020.09.07-09.58.56:979][  0]LogConfig: Setting CVar [[r.SSS.Scale:1]]
[2020.09.07-09.58.56:979][  0]LogConfig: Setting CVar [[r.SSS.SampleSet:2]]
[2020.09.07-09.58.56:979][  0]LogConfig: Setting CVar [[r.SSS.Quality:1]]
[2020.09.07-09.58.56:979][  0]LogConfig: Setting CVar [[r.SSS.HalfRes:0]]
[2020.09.07-09.58.56:979][  0]LogConfig: Setting CVar [[r.SSGI.Quality:3]]
[2020.09.07-09.58.56:979][  0]LogConfig: Setting CVar [[r.EmitterSpawnRateScale:1.0]]
[2020.09.07-09.58.56:979][  0]LogConfig: Setting CVar [[r.ParticleLightQuality:2]]
[2020.09.07-09.58.56:979][  0]LogConfig: Setting CVar [[r.SkyAtmosphere.AerialPerspectiveLUT.FastApplyOnOpaque:1 ; Always have FastSkyLUT 1 in this case to avoid wrong sky]]
[2020.09.07-09.58.56:979][  0]LogConfig: Setting CVar [[r.SkyAtmosphere.AerialPerspectiveLUT.SampleCountPerSlice:1]]
[2020.09.07-09.58.56:979][  0]LogConfig: Setting CVar [[r.SkyAtmosphere.AerialPerspectiveLUT.DepthResolution:16.0]]
[2020.09.07-09.58.56:979][  0]LogConfig: Setting CVar [[r.SkyAtmosphere.FastSkyLUT:1]]
[2020.09.07-09.58.56:979][  0]LogConfig: Setting CVar [[r.SkyAtmosphere.FastSkyLUT.SampleCountMin:4.0]]
[2020.09.07-09.58.56:979][  0]LogConfig: Setting CVar [[r.SkyAtmosphere.FastSkyLUT.SampleCountMax:32.0]]
[2020.09.07-09.58.56:979][  0]LogConfig: Setting CVar [[r.SkyAtmosphere.SampleCountMin:4.0]]
[2020.09.07-09.58.56:979][  0]LogConfig: Setting CVar [[r.SkyAtmosphere.SampleCountMax:32.0]]
[2020.09.07-09.58.56:979][  0]LogConfig: Setting CVar [[r.SkyAtmosphere.TransmittanceLUT.UseSmallFormat:0]]
[2020.09.07-09.58.56:979][  0]LogConfig: Setting CVar [[r.SkyAtmosphere.TransmittanceLUT.SampleCount:10.0]]
[2020.09.07-09.58.56:979][  0]LogConfig: Setting CVar [[r.SkyAtmosphere.MultiScatteringLUT.SampleCount:15.0]]
[2020.09.07-09.58.56:979][  0]LogConfig: Applying CVar settings from Section [FoliageQuality@3] File [F:/minigame/UE4/Saved/Config/Windows/Scalability.ini]
[2020.09.07-09.58.56:979][  0]LogConfig: Setting CVar [[foliage.DensityScale:1.0]]
[2020.09.07-09.58.56:979][  0]LogConfig: Setting CVar [[grass.DensityScale:1.0]]
[2020.09.07-09.58.56:979][  0]LogConfig: Applying CVar settings from Section [ShadingQuality@3] File [F:/minigame/UE4/Saved/Config/Windows/Scalability.ini]
[2020.09.07-09.58.56:979][  0]LogConfig: Setting CVar [[r.HairStrands.SkyLighting.SampleCount:16]]
[2020.09.07-09.58.56:979][  0]LogConfig: Setting CVar [[r.HairStrands.SkyLighting.JitterIntegration:0]]
[2020.09.07-09.58.56:979][  0]LogConfig: Setting CVar [[r.HairStrands.SkyAO.SampleCount:16]]
[2020.09.07-09.58.56:979][  0]LogConfig: Setting CVar [[r.HairStrands.DeepShadow.SuperSampling:0]]
[2020.09.07-09.58.56:979][  0]LogConfig: Setting CVar [[r.HairStrands.VisibilityPPLL:0]]
[2020.09.07-09.58.56:979][  0]LogConfig: Setting CVar [[r.HairStrands.RasterizationScale:0.5]]
[2020.09.07-09.58.56:979][  0]LogConfig: Setting CVar [[r.HairStrands.VelocityRasterizationScale:1]]
[2020.09.07-09.58.56:979][  0]LogInit: Selected Device Profile: [Windows]
[2020.09.07-09.58.56:979][  0]LogInit: Applying CVar settings loaded from the selected device profile: [Windows]
[2020.09.07-09.58.56:979][  0]LogHAL: Display: Platform has ~ 16 GB [17009004544 / 17179869184 / 16], which maps to Larger [LargestMinGB=32, LargerMinGB=12, DefaultMinGB=8, SmallerMinGB=6, SmallestMinGB=0)
[2020.09.07-09.58.56:979][  0]LogInit: Going up to parent DeviceProfile []
[2020.09.07-09.58.56:980][  0]LogConfig: Applying CVar settings from Section [ViewDistanceQuality@3] File [F:/minigame/UE4/Saved/Config/Windows/Scalability.ini]
[2020.09.07-09.58.56:980][  0]LogConfig: Setting CVar [[r.SkeletalMeshLODBias:0]]
[2020.09.07-09.58.56:980][  0]LogConfig: Setting CVar [[r.ViewDistanceScale:1.0]]
[2020.09.07-09.58.56:980][  0]LogConfig: Applying CVar settings from Section [AntiAliasingQuality@3] File [F:/minigame/UE4/Saved/Config/Windows/Scalability.ini]
[2020.09.07-09.58.56:980][  0]LogConfig: Setting CVar [[r.PostProcessAAQuality:4]]
[2020.09.07-09.58.56:980][  0]LogConfig: Applying CVar settings from Section [ShadowQuality@3] File [F:/minigame/UE4/Saved/Config/Windows/Scalability.ini]
[2020.09.07-09.58.56:980][  0]LogConfig: Setting CVar [[r.LightFunctionQuality:1]]
[2020.09.07-09.58.56:980][  0]LogConfig: Setting CVar [[r.ShadowQuality:5]]
[2020.09.07-09.58.56:980][  0]LogConfig: Setting CVar [[r.Shadow.CSM.MaxCascades:10]]
[2020.09.07-09.58.56:980][  0]LogConfig: Setting CVar [[r.Shadow.MaxResolution:2048]]
[2020.09.07-09.58.56:980][  0]LogConfig: Setting CVar [[r.Shadow.MaxCSMResolution:2048]]
[2020.09.07-09.58.56:980][  0]LogConfig: Setting CVar [[r.Shadow.RadiusThreshold:0.01]]
[2020.09.07-09.58.56:980][  0]LogConfig: Setting CVar [[r.Shadow.DistanceScale:1.0]]
[2020.09.07-09.58.56:980][  0]LogConfig: Setting CVar [[r.Shadow.CSM.TransitionScale:1.0]]
[2020.09.07-09.58.56:980][  0]LogConfig: Setting CVar [[r.Shadow.PreShadowResolutionFactor:1.0]]
[2020.09.07-09.58.56:980][  0]LogConfig: Setting CVar [[r.DistanceFieldShadowing:1]]
[2020.09.07-09.58.56:980][  0]LogConfig: Setting CVar [[r.DistanceFieldAO:1]]
[2020.09.07-09.58.56:980][  0]LogConfig: Setting CVar [[r.AOQuality:2]]
[2020.09.07-09.58.56:980][  0]LogConfig: Setting CVar [[r.VolumetricFog:1]]
[2020.09.07-09.58.56:980][  0]LogConfig: Setting CVar [[r.VolumetricFog.GridPixelSize:8]]
[2020.09.07-09.58.56:980][  0]LogConfig: Setting CVar [[r.VolumetricFog.GridSizeZ:128]]
[2020.09.07-09.58.56:980][  0]LogConfig: Setting CVar [[r.VolumetricFog.HistoryMissSupersampleCount:4]]
[2020.09.07-09.58.56:980][  0]LogConfig: Setting CVar [[r.LightMaxDrawDistanceScale:1]]
[2020.09.07-09.58.56:980][  0]LogConfig: Setting CVar [[r.CapsuleShadows:1]]
[2020.09.07-09.58.56:980][  0]LogConfig: Applying CVar settings from Section [PostProcessQuality@3] File [F:/minigame/UE4/Saved/Config/Windows/Scalability.ini]
[2020.09.07-09.58.56:980][  0]LogConfig: Setting CVar [[r.MotionBlurQuality:4]]
[2020.09.07-09.58.56:980][  0]LogConfig: Setting CVar [[r.AmbientOcclusionMipLevelFactor:0.4]]
[2020.09.07-09.58.56:980][  0]LogConfig: Setting CVar [[r.AmbientOcclusionMaxQuality:100]]
[2020.09.07-09.58.56:980][  0]LogConfig: Setting CVar [[r.AmbientOcclusionLevels:-1]]
[2020.09.07-09.58.56:980][  0]LogConfig: Setting CVar [[r.AmbientOcclusionRadiusScale:1.0]]
[2020.09.07-09.58.56:980][  0]LogConfig: Setting CVar [[r.DepthOfFieldQuality:2]]
[2020.09.07-09.58.56:980][  0]LogConfig: Setting CVar [[r.RenderTargetPoolMin:400]]
[2020.09.07-09.58.56:980][  0]LogConfig: Setting CVar [[r.LensFlareQuality:2]]
[2020.09.07-09.58.56:980][  0]LogConfig: Setting CVar [[r.SceneColorFringeQuality:1]]
[2020.09.07-09.58.56:980][  0]LogConfig: Setting CVar [[r.EyeAdaptationQuality:2]]
[2020.09.07-09.58.56:980][  0]LogConfig: Setting CVar [[r.BloomQuality:5]]
[2020.09.07-09.58.56:980][  0]LogConfig: Setting CVar [[r.FastBlurThreshold:100]]
[2020.09.07-09.58.56:980][  0]LogConfig: Setting CVar [[r.Upscale.Quality:3]]
[2020.09.07-09.58.56:980][  0]LogConfig: Setting CVar [[r.Tonemapper.GrainQuantization:1]]
[2020.09.07-09.58.56:980][  0]LogConfig: Setting CVar [[r.LightShaftQuality:1]]
[2020.09.07-09.58.56:980][  0]LogConfig: Setting CVar [[r.Filter.SizeScale:1]]
[2020.09.07-09.58.56:980][  0]LogConfig: Setting CVar [[r.Tonemapper.Quality:5]]
[2020.09.07-09.58.56:980][  0]LogConfig: Setting CVar [[r.DOF.Gather.AccumulatorQuality:1        ; higher gathering accumulator quality]]
[2020.09.07-09.58.56:980][  0]LogConfig: Setting CVar [[r.DOF.Gather.PostfilterMethod:1          ; Median3x3 postfilering method]]
[2020.09.07-09.58.56:980][  0]LogConfig: Setting CVar [[r.DOF.Gather.EnableBokehSettings:0       ; no bokeh simulation when gathering]]
[2020.09.07-09.58.56:980][  0]LogConfig: Setting CVar [[r.DOF.Gather.RingCount:4                 ; medium number of samples when gathering]]
[2020.09.07-09.58.56:980][  0]LogConfig: Setting CVar [[r.DOF.Scatter.ForegroundCompositing:1    ; additive foreground scattering]]
[2020.09.07-09.58.56:980][  0]LogConfig: Setting CVar [[r.DOF.Scatter.BackgroundCompositing:2    ; additive background scattering]]
[2020.09.07-09.58.56:980][  0]LogConfig: Setting CVar [[r.DOF.Scatter.EnableBokehSettings:1      ; bokeh simulation when scattering]]
[2020.09.07-09.58.56:980][  0]LogConfig: Setting CVar [[r.DOF.Scatter.MaxSpriteRatio:0.1         ; only a maximum of 10% of scattered bokeh]]
[2020.09.07-09.58.56:980][  0]LogConfig: Setting CVar [[r.DOF.Recombine.Quality:1                ; cheap slight out of focus]]
[2020.09.07-09.58.56:980][  0]LogConfig: Setting CVar [[r.DOF.Recombine.EnableBokehSettings:0    ; no bokeh simulation on slight out of focus]]
[2020.09.07-09.58.56:980][  0]LogConfig: Setting CVar [[r.DOF.TemporalAAQuality:1                ; more stable temporal accumulation]]
[2020.09.07-09.58.56:980][  0]LogConfig: Setting CVar [[r.DOF.Kernel.MaxForegroundRadius:0.025]]
[2020.09.07-09.58.56:980][  0]LogConfig: Setting CVar [[r.DOF.Kernel.MaxBackgroundRadius:0.025]]
[2020.09.07-09.58.56:980][  0]LogConfig: Applying CVar settings from Section [TextureQuality@3] File [F:/minigame/UE4/Saved/Config/Windows/Scalability.ini]
[2020.09.07-09.58.56:980][  0]LogConfig: Setting CVar [[r.Streaming.MipBias:0]]
[2020.09.07-09.58.56:980][  0]LogConfig: Setting CVar [[r.Streaming.AmortizeCPUToGPUCopy:0]]
[2020.09.07-09.58.56:980][  0]LogConfig: Setting CVar [[r.Streaming.MaxNumTexturesToStreamPerFrame:0]]
[2020.09.07-09.58.56:980][  0]LogConfig: Setting CVar [[r.Streaming.Boost:1]]
[2020.09.07-09.58.56:980][  0]LogConfig: Setting CVar [[r.MaxAnisotropy:8]]
[2020.09.07-09.58.56:980][  0]LogConfig: Setting CVar [[r.VT.MaxAnisotropy:8]]
[2020.09.07-09.58.56:980][  0]LogConfig: Setting CVar [[r.Streaming.LimitPoolSizeToVRAM:0]]
[2020.09.07-09.58.56:980][  0]LogConfig: Setting CVar [[r.Streaming.PoolSize:1000]]
[2020.09.07-09.58.56:980][  0]LogConfig: Setting CVar [[r.Streaming.MaxEffectiveScreenSize:0]]
[2020.09.07-09.58.56:980][  0]LogConfig: Applying CVar settings from Section [EffectsQuality@3] File [F:/minigame/UE4/Saved/Config/Windows/Scalability.ini]
[2020.09.07-09.58.56:980][  0]LogConfig: Setting CVar [[r.TranslucencyLightingVolumeDim:64]]
[2020.09.07-09.58.56:980][  0]LogConfig: Setting CVar [[r.RefractionQuality:2]]
[2020.09.07-09.58.56:980][  0]LogConfig: Setting CVar [[r.SSR.Quality:3]]
[2020.09.07-09.58.56:980][  0]LogConfig: Setting CVar [[r.SSR.HalfResSceneColor:0]]
[2020.09.07-09.58.56:980][  0]LogConfig: Setting CVar [[r.SceneColorFormat:4]]
[2020.09.07-09.58.56:980][  0]LogConfig: Setting CVar [[r.DetailMode:2]]
[2020.09.07-09.58.56:980][  0]LogConfig: Setting CVar [[r.TranslucencyVolumeBlur:1]]
[2020.09.07-09.58.56:980][  0]LogConfig: Setting CVar [[r.MaterialQualityLevel:1 ; High quality]]
[2020.09.07-09.58.56:980][  0]LogConfig: Setting CVar [[r.SSS.Scale:1]]
[2020.09.07-09.58.56:980][  0]LogConfig: Setting CVar [[r.SSS.SampleSet:2]]
[2020.09.07-09.58.56:980][  0]LogConfig: Setting CVar [[r.SSS.Quality:1]]
[2020.09.07-09.58.56:980][  0]LogConfig: Setting CVar [[r.SSS.HalfRes:0]]
[2020.09.07-09.58.56:980][  0]LogConfig: Setting CVar [[r.SSGI.Quality:3]]
[2020.09.07-09.58.56:980][  0]LogConfig: Setting CVar [[r.EmitterSpawnRateScale:1.0]]
[2020.09.07-09.58.56:980][  0]LogConfig: Setting CVar [[r.ParticleLightQuality:2]]
[2020.09.07-09.58.56:980][  0]LogConfig: Setting CVar [[r.SkyAtmosphere.AerialPerspectiveLUT.FastApplyOnOpaque:1 ; Always have FastSkyLUT 1 in this case to avoid wrong sky]]
[2020.09.07-09.58.56:980][  0]LogConfig: Setting CVar [[r.SkyAtmosphere.AerialPerspectiveLUT.SampleCountPerSlice:1]]
[2020.09.07-09.58.56:981][  0]LogConfig: Setting CVar [[r.SkyAtmosphere.AerialPerspectiveLUT.DepthResolution:16.0]]
[2020.09.07-09.58.56:981][  0]LogConfig: Setting CVar [[r.SkyAtmosphere.FastSkyLUT:1]]
[2020.09.07-09.58.56:981][  0]LogConfig: Setting CVar [[r.SkyAtmosphere.FastSkyLUT.SampleCountMin:4.0]]
[2020.09.07-09.58.56:981][  0]LogConfig: Setting CVar [[r.SkyAtmosphere.FastSkyLUT.SampleCountMax:32.0]]
[2020.09.07-09.58.56:981][  0]LogConfig: Setting CVar [[r.SkyAtmosphere.SampleCountMin:4.0]]
[2020.09.07-09.58.56:981][  0]LogConfig: Setting CVar [[r.SkyAtmosphere.SampleCountMax:32.0]]
[2020.09.07-09.58.56:981][  0]LogConfig: Setting CVar [[r.SkyAtmosphere.TransmittanceLUT.UseSmallFormat:0]]
[2020.09.07-09.58.56:981][  0]LogConfig: Setting CVar [[r.SkyAtmosphere.TransmittanceLUT.SampleCount:10.0]]
[2020.09.07-09.58.56:981][  0]LogConfig: Setting CVar [[r.SkyAtmosphere.MultiScatteringLUT.SampleCount:15.0]]
[2020.09.07-09.58.56:981][  0]LogConfig: Applying CVar settings from Section [FoliageQuality@3] File [F:/minigame/UE4/Saved/Config/Windows/Scalability.ini]
[2020.09.07-09.58.56:981][  0]LogConfig: Setting CVar [[foliage.DensityScale:1.0]]
[2020.09.07-09.58.56:981][  0]LogConfig: Setting CVar [[grass.DensityScale:1.0]]
[2020.09.07-09.58.56:981][  0]LogConfig: Applying CVar settings from Section [ShadingQuality@3] File [F:/minigame/UE4/Saved/Config/Windows/Scalability.ini]
[2020.09.07-09.58.56:981][  0]LogConfig: Setting CVar [[r.HairStrands.SkyLighting.SampleCount:16]]
[2020.09.07-09.58.56:981][  0]LogConfig: Setting CVar [[r.HairStrands.SkyLighting.JitterIntegration:0]]
[2020.09.07-09.58.56:981][  0]LogConfig: Setting CVar [[r.HairStrands.SkyAO.SampleCount:16]]
[2020.09.07-09.58.56:981][  0]LogConfig: Setting CVar [[r.HairStrands.DeepShadow.SuperSampling:0]]
[2020.09.07-09.58.56:981][  0]LogConfig: Setting CVar [[r.HairStrands.VisibilityPPLL:0]]
[2020.09.07-09.58.56:981][  0]LogConfig: Setting CVar [[r.HairStrands.RasterizationScale:0.5]]
[2020.09.07-09.58.56:981][  0]LogConfig: Setting CVar [[r.HairStrands.VelocityRasterizationScale:1]]
[2020.09.07-09.58.56:981][  0]LogConfig: Applying CVar settings from Section [Startup] File [../../../Engine/Config/ConsoleVariables.ini]
[2020.09.07-09.58.56:981][  0]LogConfig: Setting CVar [[net.UseAdaptiveNetUpdateFrequency:0]]
[2020.09.07-09.58.56:981][  0]LogConfig: Setting CVar [[p.chaos.AllowCreatePhysxBodies:1]]
[2020.09.07-09.58.56:981][  0]LogConfig: Setting CVar [[fx.SkipVectorVMBackendOptimizations:1]]
[2020.09.07-09.58.56:981][  0]LogConfig: Applying CVar settings from Section [ConsoleVariables] File [F:/minigame/UE4/Saved/Config/Windows/Engine.ini]
[2020.09.07-09.58.56:981][  0]LogInit: Computer: DESKTOP-2JJS3A8
[2020.09.07-09.58.56:981][  0]LogInit: User: admin
[2020.09.07-09.58.56:981][  0]LogInit: CPU Page size=4096, Cores=6
[2020.09.07-09.58.56:981][  0]LogInit: High frequency timer resolution =10.000000 MHz
[2020.09.07-09.58.56:982][  0]LogMemory: Memory total: Physical=15.8GB (16GB approx)
[2020.09.07-09.58.56:982][  0]LogMemory: Platform Memory Stats for Windows
[2020.09.07-09.58.56:982][  0]LogMemory: Process Physical Memory: 116.56 MB used, 116.57 MB peak
[2020.09.07-09.58.56:982][  0]LogMemory: Process Virtual Memory: 97.49 MB used, 97.49 MB peak
[2020.09.07-09.58.56:982][  0]LogMemory: Physical Memory: 9142.47 MB used,  7078.58 MB free, 16221.05 MB total
[2020.09.07-09.58.56:982][  0]LogMemory: Virtual Memory: 5166.04 MB used,  134212560.00 MB free, 134217728.00 MB total
[2020.09.07-09.58.56:987][  0]LogWindows: WindowsPlatformFeatures enabled
[2020.09.07-09.58.57:023][  0]LogInit: Physics initialised using underlying interface: PhysX
[2020.09.07-09.58.57:024][  0]LogInit: Using OS detected language (zh-CN).
[2020.09.07-09.58.57:024][  0]LogInit: Using OS detected locale (zh-CN).
[2020.09.07-09.58.57:025][  0]LogTextLocalizationManager: No specific localization for 'zh-CN' exists, so the 'zh-Hans' localization will be used.
[2020.09.07-09.58.57:114][  0]LogTextLocalizationResource: LocRes '../../../Engine/Content/Localization/Editor/zh/Editor.locres' could not be opened for reading!
[2020.09.07-09.58.57:114][  0]LogTextLocalizationResource: LocRes '../../../Engine/Content/Localization/EditorTutorials/zh/EditorTutorials.locres' could not be opened for reading!
[2020.09.07-09.58.57:114][  0]LogTextLocalizationResource: LocRes '../../../Engine/Content/Localization/Keywords/zh/Keywords.locres' could not be opened for reading!
[2020.09.07-09.58.57:114][  0]LogTextLocalizationResource: LocRes '../../../Engine/Content/Localization/Category/zh/Category.locres' could not be opened for reading!
[2020.09.07-09.58.57:114][  0]LogTextLocalizationResource: LocRes '../../../Engine/Content/Localization/ToolTips/zh/ToolTips.locres' could not be opened for reading!
[2020.09.07-09.58.57:114][  0]LogTextLocalizationResource: LocRes '../../../Engine/Content/Localization/PropertyNames/zh/PropertyNames.locres' could not be opened for reading!
[2020.09.07-09.58.57:114][  0]LogTextLocalizationResource: LocRes '../../../Engine/Content/Localization/Engine/zh/Engine.locres' could not be opened for reading!
[2020.09.07-09.58.57:114][  0]LogTextLocalizationResource: LocRes '../../../Engine/Plugins/Online/Android/OnlineSubsystemGooglePlay/Content/Localization/OnlineSubsystemGooglePlay/zh/OnlineSubsystemGooglePlay.locres' could not be opened for reading!
[2020.09.07-09.58.57:114][  0]LogTextLocalizationResource: LocRes '../../../Engine/Plugins/Online/IOS/OnlineSubsystemIOS/Content/Localization/OnlineSubsystemIOS/zh/OnlineSubsystemIOS.locres' could not be opened for reading!
[2020.09.07-09.58.57:114][  0]LogTextLocalizationResource: LocRes '../../../Engine/Plugins/Online/OnlineSubsystem/Content/Localization/OnlineSubsystem/zh/OnlineSubsystem.locres' could not be opened for reading!
[2020.09.07-09.58.57:114][  0]LogTextLocalizationResource: LocRes '../../../Engine/Plugins/Online/OnlineSubsystemUtils/Content/Localization/OnlineSubsystemUtils/zh/OnlineSubsystemUtils.locres' could not be opened for reading!
[2020.09.07-09.58.57:162][  0]LogInit: Setting process to per monitor DPI aware
[2020.09.07-09.58.57:194][  0]LogSlate: New Slate User Created.  User Index 0, Is Virtual User: 0
[2020.09.07-09.58.57:194][  0]LogSlate: Slate User Registered.  User Index 0, Is Virtual User: 0
[2020.09.07-09.58.57:393][  0]LogHMD: Failed to initialize OpenVR with code 110
[2020.09.07-09.58.57:393][  0]LogD3D11RHI: D3D11 min allowed feature level: 11_0
[2020.09.07-09.58.57:393][  0]LogD3D11RHI: D3D11 max allowed feature level: 11_0
[2020.09.07-09.58.57:393][  0]LogD3D11RHI: D3D11 adapters:
[2020.09.07-09.58.57:481][  0]LogD3D11RHI:    0. 'NVIDIA GeForce GTX 1660 Ti' (Feature Level 11_0)
[2020.09.07-09.58.57:481][  0]LogD3D11RHI:       5991/0/8110 MB DedicatedVideo/DedicatedSystem/SharedSystem, Outputs:1, VendorId:0x10de
[2020.09.07-09.58.57:515][  0]LogD3D11RHI:    1. 'Intel(R) UHD Graphics 630' (Feature Level 11_0)
[2020.09.07-09.58.57:515][  0]LogD3D11RHI:       128/0/8110 MB DedicatedVideo/DedicatedSystem/SharedSystem, Outputs:0, VendorId:0x8086
[2020.09.07-09.58.57:517][  0]LogD3D11RHI:    2. 'Microsoft Basic Render Driver' (Feature Level 11_0)
[2020.09.07-09.58.57:517][  0]LogD3D11RHI:       0/0/8110 MB DedicatedVideo/DedicatedSystem/SharedSystem, Outputs:0, VendorId:0x1414
[2020.09.07-09.58.57:519][  0]LogD3D11RHI:    3. 'Microsoft Basic Render Driver' (Feature Level 11_0)
[2020.09.07-09.58.57:519][  0]LogD3D11RHI:       0/0/8110 MB DedicatedVideo/DedicatedSystem/SharedSystem, Outputs:0, VendorId:0x1414
[2020.09.07-09.58.57:519][  0]LogD3D11RHI: Chosen D3D11 Adapter: 0
[2020.09.07-09.58.57:555][  0]LogD3D11RHI: Creating new Direct3DDevice
[2020.09.07-09.58.57:555][  0]LogD3D11RHI:     GPU DeviceId: 0x2191 (for the marketing name, search the web for "GPU Device Id")
[2020.09.07-09.58.57:555][  0]LogWindows: EnumDisplayDevices:
[2020.09.07-09.58.57:555][  0]LogWindows:    0. 'Intel(R) UHD Graphics 630' (P:1 D:1)
[2020.09.07-09.58.57:555][  0]LogWindows:    1. 'Intel(R) UHD Graphics 630' (P:0 D:0)
[2020.09.07-09.58.57:555][  0]LogWindows:    2. 'Intel(R) UHD Graphics 630' (P:0 D:0)
[2020.09.07-09.58.57:556][  0]LogWindows:    3. 'NVIDIA GeForce GTX 1660 Ti' (P:0 D:0)
[2020.09.07-09.58.57:556][  0]LogWindows:    4. 'NVIDIA GeForce GTX 1660 Ti' (P:0 D:0)
[2020.09.07-09.58.57:557][  0]LogWindows:    5. 'NVIDIA GeForce GTX 1660 Ti' (P:0 D:0)
[2020.09.07-09.58.57:558][  0]LogWindows:    6. 'NVIDIA GeForce GTX 1660 Ti' (P:0 D:0)
[2020.09.07-09.58.57:558][  0]LogWindows:    7. 'spacedesk Graphics Adapter' (P:0 D:0)
[2020.09.07-09.58.57:559][  0]LogWindows:    8. 'spacedesk Graphics Adapter' (P:0 D:0)
[2020.09.07-09.58.57:559][  0]LogWindows:    9. 'spacedesk Graphics Adapter' (P:0 D:0)
[2020.09.07-09.58.57:559][  0]LogWindows:    10. 'spacedesk Graphics Adapter' (P:0 D:0)
[2020.09.07-09.58.57:560][  0]LogWindows:    11. 'spacedesk Graphics Adapter' (P:0 D:0)
[2020.09.07-09.58.57:560][  0]LogWindows:    12. 'spacedesk Graphics Adapter' (P:0 D:0)
[2020.09.07-09.58.57:560][  0]LogWindows:    13. 'spacedesk Graphics Adapter' (P:0 D:0)
[2020.09.07-09.58.57:560][  0]LogWindows:    14. 'spacedesk Graphics Adapter' (P:0 D:0)
[2020.09.07-09.58.57:561][  0]LogWindows:    15. 'spacedesk Graphics Adapter' (P:0 D:0)
[2020.09.07-09.58.57:561][  0]LogWindows:    16. 'spacedesk Graphics Adapter' (P:0 D:0)
[2020.09.07-09.58.57:561][  0]LogWindows:    17. 'spacedesk Graphics Adapter' (P:0 D:0)
[2020.09.07-09.58.57:561][  0]LogWindows:    18. 'spacedesk Graphics Adapter' (P:0 D:0)
[2020.09.07-09.58.57:561][  0]LogWindows:    19. 'spacedesk Graphics Adapter' (P:0 D:0)
[2020.09.07-09.58.57:562][  0]LogWindows:    20. 'spacedesk Graphics Adapter' (P:0 D:0)
[2020.09.07-09.58.57:562][  0]LogWindows:    21. 'spacedesk Graphics Adapter' (P:0 D:0)
[2020.09.07-09.58.57:562][  0]LogWindows:    22. 'spacedesk Graphics Adapter' (P:0 D:0)
[2020.09.07-09.58.57:562][  0]LogWindows: DebugString: PrimaryIsNotTheChoosenAdapter PrimaryIsNotTheChoosenAdapter PrimaryIsNotTheChoosenAdapter GetVideoDriverDetailsInvalid PrimaryIsNotTheChoosenAdapter GetVideoDriverDetailsInvalid PrimaryIsNotTheChoosenAdapter GetVideoDriverDetailsInvalid PrimaryIsNotTheChoosenAdapter GetVideoDriverDetailsInvalid PrimaryIsNotTheChoosenAdapter GetVideoDriverDetailsInvalid PrimaryIsNotTheChoosenAdapter GetVideoDriverDetailsInvalid PrimaryIsNotTheChoosenAdapter GetVideoDriverDetailsInvalid PrimaryIsNotTheChoosenAdapter GetVideoDriverDetailsInvalid PrimaryIsNotTheChoosenAdapter GetVideoDriverDetailsInvalid PrimaryIsNotTheChoosenAdapter GetVideoDriverDetailsInvalid PrimaryIsNotTheChoosenAdapter GetVideoDriverDetailsInvalid PrimaryIsNotTheChoosenAdapter GetVideoDriverDetailsInvalid PrimaryIsNotTheChoosenAdapter GetVideoDriverDetailsInvalid PrimaryIsNotTheChoosenAdapter GetVideoDriverDetailsInvalid PrimaryIsNotTheChoosenAdapter GetVideoDriverDetailsInvalid PrimaryIsNotTheChoosenAdapter GetVideoDriverDetailsInvalid PrimaryIsNotTheChoosenAdapter FoundDriverCount:4 
[2020.09.07-09.58.57:562][  0]LogD3D11RHI:     Adapter Name: NVIDIA GeForce GTX 1660 Ti
[2020.09.07-09.58.57:562][  0]LogD3D11RHI:   Driver Version: 451.48 (internal:27.21.14.5148, unified:451.48)
[2020.09.07-09.58.57:562][  0]LogD3D11RHI:      Driver Date: 6-21-2020
[2020.09.07-09.58.57:562][  0]LogRHI: Texture pool is 4193 MB (70% of 5991 MB)
[2020.09.07-09.58.57:620][  0]LogD3D11RHI: RHI has support for 64 bit atomics
[2020.09.07-09.58.57:623][  0]LogD3D11RHI: [Aftermath] Enabled and primed
[2020.09.07-09.58.57:623][  0]LogD3D11RHI: Async texture creation enabled
[2020.09.07-09.58.57:623][  0]LogD3D11RHI: Array index from any shader is supported
[2020.09.07-09.58.57:753][  0]LogD3D11RHI: GPU Timing Frequency: 1000.000000 (Debug: 2 1)
[2020.09.07-09.58.58:045][  0]LogTargetPlatformManager: Display: Loaded TargetPlatform 'AllDesktop'
[2020.09.07-09.58.58:094][  0]LogTargetPlatformManager: Display: Loaded TargetPlatform 'Android'
[2020.09.07-09.58.58:094][  0]LogTargetPlatformManager: Display: Loaded TargetPlatform 'Android_ASTC'
[2020.09.07-09.58.58:094][  0]LogTargetPlatformManager: Display: Loaded TargetPlatform 'Android_DXT'
[2020.09.07-09.58.58:094][  0]LogTargetPlatformManager: Display: Loaded TargetPlatform 'Android_ETC2'
[2020.09.07-09.58.58:094][  0]LogTargetPlatformManager: Display: Loaded TargetPlatform 'AndroidClient'
[2020.09.07-09.58.58:094][  0]LogTargetPlatformManager: Display: Loaded TargetPlatform 'Android_ASTCClient'
[2020.09.07-09.58.58:094][  0]LogTargetPlatformManager: Display: Loaded TargetPlatform 'Android_DXTClient'
[2020.09.07-09.58.58:094][  0]LogTargetPlatformManager: Display: Loaded TargetPlatform 'Android_ETC2Client'
[2020.09.07-09.58.58:094][  0]LogTargetPlatformManager: Display: Loaded TargetPlatform 'Android_Multi'
[2020.09.07-09.58.58:094][  0]LogTargetPlatformManager: Display: Loaded TargetPlatform 'Android_MultiClient'
[2020.09.07-09.58.58:133][  0]LogTargetPlatformManager: Display: Loaded TargetPlatform 'IOSClient'
[2020.09.07-09.58.58:133][  0]LogTargetPlatformManager: Display: Loaded TargetPlatform 'IOS'
[2020.09.07-09.58.58:183][  0]LogTargetPlatformManager: Display: Loaded TargetPlatform 'Linux'
[2020.09.07-09.58.58:192][  0]LogTargetPlatformManager: Display: Loaded TargetPlatform 'LinuxNoEditor'
[2020.09.07-09.58.58:201][  0]LogTargetPlatformManager: Display: Loaded TargetPlatform 'LinuxClient'
[2020.09.07-09.58.58:208][  0]LogTargetPlatformManager: Display: Loaded TargetPlatform 'LinuxServer'
[2020.09.07-09.58.58:217][  0]LogTargetPlatformManager: Display: Loaded TargetPlatform 'LinuxAArch64NoEditor'
[2020.09.07-09.58.58:225][  0]LogTargetPlatformManager: Display: Loaded TargetPlatform 'LinuxAArch64Client'
[2020.09.07-09.58.58:233][  0]LogTargetPlatformManager: Display: Loaded TargetPlatform 'LinuxAArch64Server'
[2020.09.07-09.58.58:256][  0]LogTargetPlatformManager: Display: Loaded TargetPlatform 'Lumin'
[2020.09.07-09.58.58:256][  0]LogTargetPlatformManager: Display: Loaded TargetPlatform 'LuminClient'
[2020.09.07-09.58.58:270][  0]LogTargetPlatformManager: Display: Loaded TargetPlatform 'TVOSClient'
[2020.09.07-09.58.58:270][  0]LogTargetPlatformManager: Display: Loaded TargetPlatform 'TVOS'
[2020.09.07-09.58.58:279][  0]LogTargetPlatformManager: Display: Loaded TargetPlatform 'WindowsNoEditor'
[2020.09.07-09.58.58:287][  0]LogTargetPlatformManager: Display: Loaded TargetPlatform 'Windows'
[2020.09.07-09.58.58:295][  0]LogTargetPlatformManager: Display: Loaded TargetPlatform 'WindowsClient'
[2020.09.07-09.58.58:303][  0]LogTargetPlatformManager: Display: Loaded TargetPlatform 'WindowsServer'
[2020.09.07-09.58.58:303][  0]LogTargetPlatformManager: Display: Building Assets For Windows
[2020.09.07-09.58.58:311][  0]LogAudioDebug: Display: Lib vorbis DLL was dynamically loaded.
[2020.09.07-09.58.58:366][  0]LogShaderCompilers: Guid format shader working directory is 18 characters bigger than the processId version (../../../../../minigame/UE4/Intermediate/Shaders/WorkingDirectory/17888/).
[2020.09.07-09.58.58:366][  0]LogShaderCompilers: Cleaned the shader compiler working directory 'C:/Users/admin/AppData/Local/Temp/UnrealShaderWorkingDir/DFD1C37C40C35BC14D2D2099E3DE3C37/'.
[2020.09.07-09.58.58:366][  0]LogXGEController: Cannot use XGE Controller as Incredibuild is not installed on this machine.
[2020.09.07-09.58.58:366][  0]LogShaderCompilers: Cannot use XGE Shader Compiler as Incredibuild is not installed on this machine.
[2020.09.07-09.58.58:366][  0]LogShaderCompilers: Display: Using Local Shader Compiler.
[2020.09.07-09.58.59:066][  0]LogDerivedDataCache: Display: Max Cache Size: 512 MB
[2020.09.07-09.58.59:120][  0]LogDerivedDataCache: Loaded boot cache 0.05s 91MB C:/Users/admin/AppData/Local/UnrealEngine/4.25/DerivedDataCache/Boot.ddc.
[2020.09.07-09.58.59:120][  0]LogDerivedDataCache: Display: Loaded Boot cache: C:/Users/admin/AppData/Local/UnrealEngine/4.25/DerivedDataCache/Boot.ddc
[2020.09.07-09.58.59:128][  0]LogDerivedDataCache: FDerivedDataBackendGraph:  Pak pak cache file ../../../../../minigame/UE4/DerivedDataCache/DDC.ddp not found, will not use a pak cache.
[2020.09.07-09.58.59:128][  0]LogDerivedDataCache: Unable to find inner node Pak for hierarchical cache Hierarchy.
[2020.09.07-09.58.59:128][  0]LogDerivedDataCache: FDerivedDataBackendGraph:  CompressedPak pak cache file ../../../../../minigame/UE4/DerivedDataCache/Compressed.ddp not found, will not use a pak cache.
[2020.09.07-09.58.59:128][  0]LogDerivedDataCache: Unable to find inner node CompressedPak for hierarchical cache Hierarchy.
[2020.09.07-09.58.59:137][  0]LogDerivedDataCache: Display: Pak cache opened for reading ../../../Engine/DerivedDataCache/Compressed.ddp.
[2020.09.07-09.58.59:137][  0]LogDerivedDataCache: FDerivedDataBackendGraph:  EnterprisePak pak cache file ../../../Enterprise/DerivedDataCache/Compressed.ddp not found, will not use a pak cache.
[2020.09.07-09.58.59:137][  0]LogDerivedDataCache: Unable to find inner node EnterprisePak for hierarchical cache Hierarchy.
[2020.09.07-09.58.59:138][  0]LogDerivedDataCache: Using Local data cache path C:/Users/admin/AppData/Local/UnrealEngine/Common/DerivedDataCache: Writable
[2020.09.07-09.58.59:139][  0]LogDerivedDataCache: Shared data cache path not found in *engine.ini, will not use an Shared cache.
[2020.09.07-09.58.59:139][  0]LogDerivedDataCache: Unable to find inner node Shared for hierarchical cache Hierarchy.
[2020.09.07-09.58.59:181][  0]LogSlate: Using FreeType 2.10.0
[2020.09.07-09.58.59:182][  0]LogSlate: SlateFontServices - WITH_FREETYPE: 1, WITH_HARFBUZZ: 1
[2020.09.07-09.58.59:205][  0]LogAssetRegistry: FAssetRegistry took 0.0022 seconds to start up
[2020.09.07-09.58.59:410][  0]LogInit: Selected Device Profile: [Windows]
[2020.09.07-09.58.59:530][  0]LogMeshReduction: Using QuadricMeshReduction for automatic static mesh reduction
[2020.09.07-09.58.59:530][  0]LogMeshReduction: Using SimplygonMeshReduction for automatic skeletal mesh reduction
[2020.09.07-09.58.59:530][  0]LogMeshReduction: Using ProxyLODMeshReduction for automatic mesh merging
[2020.09.07-09.58.59:530][  0]LogMeshReduction: No distributed automatic mesh merging module available
[2020.09.07-09.58.59:530][  0]LogMeshMerging: No distributed automatic mesh merging module available
[2020.09.07-09.58.59:546][  0]LogNetVersion: demo0 1.0.0, NetCL: 13144385, EngineNetVer: 14, GameNetVer: 0 (Checksum: 482723709)
[2020.09.07-09.58.59:968][  0]LogAISub: UAISubsystem::UAISubsystem AISubsystem (00000186DD13A3C0), frame # 0
[2020.09.07-09.58.59:968][  0]LogAISub: UAISubsystem::UAISubsystem AIPerceptionSystem (00000186DD043B00), frame # 0
[2020.09.07-09.58.59:969][  0]LogAISub: UAISubsystem::UAISubsystem EnvQueryManager (00000186DD0E1E00), frame # 0
[2020.09.07-09.59.00:821][  0]LogPackageLocalizationCache: Processed 22 localized package path(s) for 2 prioritized culture(s) in 0.847454 seconds
[2020.09.07-09.59.00:826][  0]LogUObjectArray: 15917 objects as part of root set at end of initial load.
[2020.09.07-09.59.00:826][  0]LogUObjectAllocator: 3965568 out of 0 bytes used by permanent object pool.
[2020.09.07-09.59.00:826][  0]LogUObjectArray: CloseDisregardForGC: 0/0 objects in disregard for GC pool
[2020.09.07-09.59.01:169][  0]LogTcpMessaging: Initializing TcpMessaging bridge
[2020.09.07-09.59.01:173][  0]LogUdpMessaging: Initializing bridge on interface 0.0.0.0:0 to multicast group 230.0.0.1:6666.
[2020.09.07-09.59.01:367][  0]SourceControl: 源码管理已禁用
[2020.09.07-09.59.03:936][  0]LogImageWrapper: Warning: PNG Warning: Duplicate iCCP chunk
[2020.09.07-09.59.03:936][  0]LogImageWrapper: Warning: PNG Warning: Duplicate iCCP chunk
[2020.09.07-09.59.04:166][  0]LogAndroidPermission: UAndroidPermissionCallbackProxy::GetInstance
[2020.09.07-09.59.04:186][  0]LogAudioCaptureCore: Display: No Audio Capture implementations found. Audio input will be silent.
[2020.09.07-09.59.04:186][  0]LogAudioCaptureCore: Display: No Audio Capture implementations found. Audio input will be silent.
[2020.09.07-09.59.04:228][  0]LogOcInput: OculusInput pre-init called
[2020.09.07-09.59.04:238][  0]LogWindows: Failed to load 'OVRPlugin.dll' (GetLastError=126)
[2020.09.07-09.59.04:238][  0]LogWindows: File 'OVRPlugin.dll' does not exist
[2020.09.07-09.59.04:397][  0]LogEngine: Initializing Engine...
[2020.09.07-09.59.04:398][  0]LogHMD: Failed to initialize OpenVR with code 110
[2020.09.07-09.59.04:398][  0]LogMagicLeap: Warning: VR disabled because ZI is not enabled.  To enable, in the editor, Edit -> Project Settings -> Plugins -> Magic Leap Plugin -> Enable Zero Iteration
[2020.09.07-09.59.04:399][  0]LogStats: UGameplayTagsManager::InitializeManager -  0.000 s
[2020.09.07-09.59.04:509][  0]LogInit: Initializing FReadOnlyCVARCache
[2020.09.07-09.59.04:517][  0]LogAIModule: Creating AISystem for world Untitled
[2020.09.07-09.59.04:517][  0]LogAISub: UAISubsystem::UAISubsystem EnvQueryManager (00000186E5829A00), frame # 0
[2020.09.07-09.59.04:517][  0]LogAISub: UAISubsystem::UAISubsystem AIPerceptionSystem (00000186E583E840), frame # 0
[2020.09.07-09.59.04:536][  0]LogAudioMixer: Display: Audio Mixer Platform Settings:
[2020.09.07-09.59.04:537][  0]LogAudioMixer: Display: 	Sample Rate:						  48000
[2020.09.07-09.59.04:537][  0]LogAudioMixer: Display: 	Callback Buffer Frame Size Requested: 1024
[2020.09.07-09.59.04:537][  0]LogAudioMixer: Display: 	Callback Buffer Frame Size To Use:	  1024
[2020.09.07-09.59.04:537][  0]LogAudioMixer: Display: 	Number of buffers to queue:			  2
[2020.09.07-09.59.04:537][  0]LogAudioMixer: Display: 	Max Channels (voices):				  32
[2020.09.07-09.59.04:537][  0]LogAudioMixer: Display: 	Number of Async Source Workers:		  0
[2020.09.07-09.59.04:537][  0]LogAudio: Display: AudioDevice MaxSources: 32
[2020.09.07-09.59.04:537][  0]LogAudio: Display: Using built-in audio occlusion.
[2020.09.07-09.59.04:537][  0]LogAudioMixer: Display: Initializing audio mixer.
[2020.09.07-09.59.04:549][  0]LogAudioMixer: Display: 0: FrontLeft
[2020.09.07-09.59.04:549][  0]LogAudioMixer: Display: 1: FrontRight
[2020.09.07-09.59.04:588][  0]LogAudioMixer: Display: Using Audio Device 扬声器 (Realtek(R) Audio)
[2020.09.07-09.59.04:591][  0]LogAudioMixer: Display: Initializing Sound Submixes...
[2020.09.07-09.59.04:593][  0]LogAudioMixer: Display: Creating Master Submix 'MasterSubmixDefault'
[2020.09.07-09.59.04:593][  0]LogAudioMixer: Display: Creating Master Submix 'MasterReverbSubmixDefault'
[2020.09.07-09.59.04:594][  0]LogAudioMixer: Display: Creating Master Submix 'MasterEQSubmixDefault'
[2020.09.07-09.59.04:595][  0]LogInit: FAudioDevice initialized.
[2020.09.07-09.59.04:595][  0]LogNetVersion: Set ProjectVersion to 1.0.0.0. Version Checksum will be recalculated on next use.
[2020.09.07-09.59.04:675][  0]LogDerivedDataCache: Saved boot cache 0.08s 91MB C:/Users/admin/AppData/Local/UnrealEngine/4.25/DerivedDataCache/Boot.ddc.
[2020.09.07-09.59.04:679][  0]LogInit: Texture streaming: Enabled
[2020.09.07-09.59.04:694][  0]LogEngineSessionManager: EngineSessionManager initialized
[2020.09.07-09.59.04:694][  0]LogEditorSessionSummary: Verbose: Initializing EditorSessionSummaryWriter for editor session tracking
[2020.09.07-09.59.04:695][  0]LogEditorSessionSummary: EditorSessionSummaryWriter initialized
[2020.09.07-09.59.04:809][  0]LogInit: Transaction tracking system initialized
[2020.09.07-09.59.04:828][  0]BlueprintLog: New page: 编辑器加载
[2020.09.07-09.59.04:892][  0]LocalizationService: 本地化服务已禁用
[2020.09.07-09.59.05:140][  0]LogCook: Display: Max memory allowance for cook 16384mb min free memory 0mb
[2020.09.07-09.59.05:140][  0]LogCook: Display: Mobile HDR setting 1
[2020.09.07-09.59.05:149][  0]LogFileCache: Scanning file cache for directory 'F:/minigame/UE4/Content/' took 0.01s
[2020.09.07-09.59.05:483][  0]LogImageWrapper: Warning: PNG Warning: Duplicate iCCP chunk
[2020.09.07-09.59.05:483][  0]LogImageWrapper: Warning: PNG Warning: Duplicate iCCP chunk
[2020.09.07-09.59.05:483][  0]LogUnrealEdMisc: Loading editor; pre map load, took 14.020
[2020.09.07-09.59.05:483][  0]Cmd: MAP LOAD FILE="../../../../../minigame/UE4/Content/Maps/ArenaMap.umap" TEMPLATE=0 SHOWPROGRESS=1 FEATURELEVEL=3
[2020.09.07-09.59.05:483][  0]LightingResults: New page: 光照构建
[2020.09.07-09.59.05:483][  0]LogWorld: UWorld::CleanupWorld for Untitled, bSessionEnded=true, bCleanupResources=true
[2020.09.07-09.59.05:484][  0]LogSlate: InvalidateAllWidgets triggered.  All widgets were invalidated
[2020.09.07-09.59.05:484][  0]MapCheck: New page: 地图检测
[2020.09.07-09.59.05:484][  0]LightingResults: New page: 光照构建
[2020.09.07-09.59.05:494][  0]LogAISub: UAISubsystem::~UAISubsystem EnvQueryManager (00000186E5829A00), frame # 0
[2020.09.07-09.59.05:494][  0]LogAISub: UAISubsystem::~UAISubsystem AIPerceptionSystem (00000186E583E840), frame # 0
[2020.09.07-09.59.05:494][  0]LogUObjectHash: Compacting FUObjectHashTables data took   0.55ms
[2020.09.07-09.59.06:411][  0]LogBlueprint: Warning: [Compiler ZombieAnimBP] Locomotion到Dead  will never be taken, please connect something to  Can Enter Transition
[2020.09.07-09.59.09:766][  0]LogLinker: Warning: 加载“../../../../../minigame/UE4/Content/AI/Zombie/Materials/MaterialLayers/ML_ZombieRust.uasset”时未能加载“/Game/Environment/Textures/T_MacroVariation”：无法找到文件。
[2020.09.07-09.59.09:766][  0]LogLinker: Warning: 加载“../../../../../minigame/UE4/Content/AI/Zombie/Materials/MaterialLayers/ML_ZombieRust.uasset”时未能加载“/Game/Environment/Textures/T_MacroVariation”：无法找到文件。
[2020.09.07-09.59.09:767][  0]LogLinker: Warning: 加载“../../../../../minigame/UE4/Content/AI/Zombie/Materials/MaterialLayers/ML_ZombieRust.uasset”时未能加载“/Game/Environment/Textures/T_Metal_Rust_D”：无法找到文件。
[2020.09.07-09.59.09:767][  0]LogLinker: Warning: 加载“../../../../../minigame/UE4/Content/AI/Zombie/Materials/MaterialLayers/ML_ZombieRust.uasset”时未能加载“/Game/Environment/Textures/T_Metal_Rust_D”：无法找到文件。
[2020.09.07-09.59.09:767][  0]LogLinker: Warning: 加载“../../../../../minigame/UE4/Content/AI/Zombie/Materials/MaterialLayers/ML_ZombieRust.uasset”时未能加载“/Game/Environment/Textures/T_MacroVariation”：无法找到文件。
[2020.09.07-09.59.09:767][  0]LogLinker: Warning: 加载“../../../../../minigame/UE4/Content/AI/Zombie/Materials/MaterialLayers/ML_ZombieRust.uasset”时未能加载“/Game/Environment/Textures/T_MacroVariation”：无法找到文件。
[2020.09.07-09.59.09:767][  0]LogLinker: Warning: 加载“../../../../../minigame/UE4/Content/AI/Zombie/Materials/MaterialLayers/ML_ZombieRust.uasset”时未能加载“/Game/Environment/Textures/T_Metal_Rust_D”：无法找到文件。
[2020.09.07-09.59.09:767][  0]LogLinker: Warning: 加载“../../../../../minigame/UE4/Content/AI/Zombie/Materials/MaterialLayers/ML_ZombieRust.uasset”时未能加载“/Game/Environment/Textures/T_Metal_Rust_D”：无法找到文件。
[2020.09.07-09.59.09:820][  0]LogLinker: Warning: 加载“../../../../../minigame/UE4/Content/AI/Zombie/Materials/M_Zombie_Body.uasset”时未能加载“/Game/Environment/Textures/T_MacroVariation”：无法找到文件。
[2020.09.07-09.59.09:820][  0]LogLinker: Warning: 加载“../../../../../minigame/UE4/Content/AI/Zombie/Materials/M_Zombie_Body.uasset”时未能加载“/Game/Environment/Textures/T_MacroVariation”：无法找到文件。
[2020.09.07-09.59.09:820][  0]LogLinker: Warning: 加载“../../../../../minigame/UE4/Content/AI/Zombie/Materials/M_Zombie_Body.uasset”时未能加载“/Game/Environment/Textures/T_Metal_Rust_N”：无法找到文件。
[2020.09.07-09.59.09:820][  0]LogLinker: Warning: 加载“../../../../../minigame/UE4/Content/AI/Zombie/Materials/M_Zombie_Body.uasset”时未能加载“/Game/Environment/Textures/T_Metal_Rust_N”：无法找到文件。
[2020.09.07-09.59.09:820][  0]LogLinker: Warning: 加载“../../../../../minigame/UE4/Content/AI/Zombie/Materials/M_Zombie_Body.uasset”时未能加载“/Game/Environment/Textures/T_MacroVariation”：无法找到文件。
[2020.09.07-09.59.09:820][  0]LogLinker: Warning: 加载“../../../../../minigame/UE4/Content/AI/Zombie/Materials/M_Zombie_Body.uasset”时未能加载“/Game/Environment/Textures/T_MacroVariation”：无法找到文件。
[2020.09.07-09.59.09:820][  0]LogLinker: Warning: 加载“../../../../../minigame/UE4/Content/AI/Zombie/Materials/M_Zombie_Body.uasset”时未能加载“/Game/Environment/Textures/T_Metal_Rust_N”：无法找到文件。
[2020.09.07-09.59.09:820][  0]LogLinker: Warning: 加载“../../../../../minigame/UE4/Content/AI/Zombie/Materials/M_Zombie_Body.uasset”时未能加载“/Game/Environment/Textures/T_Metal_Rust_N”：无法找到文件。
[2020.09.07-09.59.09:954][  0]LogLinker: Warning: 加载“../../../../../minigame/UE4/Content/AI/Zombie/SK_Mannequin_PhysicsAsset.uasset”时未能加载“/Game/Base/PhysMat_ZombieBody”：无法找到文件。
[2020.09.07-09.59.09:954][  0]LogLinker: Warning: 加载“../../../../../minigame/UE4/Content/AI/Zombie/SK_Mannequin_PhysicsAsset.uasset”时未能加载“/Game/Base/PhysMat_ZombieBody”：无法找到文件。
[2020.09.07-09.59.09:955][  0]LogLinker: Warning: 加载“../../../../../minigame/UE4/Content/AI/Zombie/SK_Mannequin_PhysicsAsset.uasset”时未能加载“/Game/Base/PhysMat_ZombieHead”：无法找到文件。
[2020.09.07-09.59.09:955][  0]LogLinker: Warning: 加载“../../../../../minigame/UE4/Content/AI/Zombie/SK_Mannequin_PhysicsAsset.uasset”时未能加载“/Game/Base/PhysMat_ZombieHead”：无法找到文件。
[2020.09.07-09.59.09:955][  0]LogLinker: Warning: 加载“../../../../../minigame/UE4/Content/AI/Zombie/SK_Mannequin_PhysicsAsset.uasset”时未能加载“/Game/Base/PhysMat_ZombieLimb”：无法找到文件。
[2020.09.07-09.59.09:955][  0]LogLinker: Warning: 加载“../../../../../minigame/UE4/Content/AI/Zombie/SK_Mannequin_PhysicsAsset.uasset”时未能加载“/Game/Base/PhysMat_ZombieLimb”：无法找到文件。
[2020.09.07-09.59.09:955][  0]LogLinker: Warning: 加载“../../../../../minigame/UE4/Content/AI/Zombie/SK_Mannequin_PhysicsAsset.uasset”时未能加载“/Game/Base/PhysMat_ZombieBody”：无法找到文件。
[2020.09.07-09.59.09:955][  0]LogLinker: Warning: 加载“../../../../../minigame/UE4/Content/AI/Zombie/SK_Mannequin_PhysicsAsset.uasset”时未能加载“/Game/Base/PhysMat_ZombieBody”：无法找到文件。
[2020.09.07-09.59.09:955][  0]LogLinker: Warning: 加载“../../../../../minigame/UE4/Content/AI/Zombie/SK_Mannequin_PhysicsAsset.uasset”时未能加载“/Game/Base/PhysMat_ZombieHead”：无法找到文件。
[2020.09.07-09.59.09:955][  0]LogLinker: Warning: 加载“../../../../../minigame/UE4/Content/AI/Zombie/SK_Mannequin_PhysicsAsset.uasset”时未能加载“/Game/Base/PhysMat_ZombieHead”：无法找到文件。
[2020.09.07-09.59.09:955][  0]LogLinker: Warning: 加载“../../../../../minigame/UE4/Content/AI/Zombie/SK_Mannequin_PhysicsAsset.uasset”时未能加载“/Game/Base/PhysMat_ZombieLimb”：无法找到文件。
[2020.09.07-09.59.09:955][  0]LogLinker: Warning: 加载“../../../../../minigame/UE4/Content/AI/Zombie/SK_Mannequin_PhysicsAsset.uasset”时未能加载“/Game/Base/PhysMat_ZombieLimb”：无法找到文件。
[2020.09.07-09.59.10:560][  0]LogLinker: Warning: 加载“../../../../../minigame/UE4/Content/AI/Zombie/SK_Mannequin_PhysicsAsset.uasset”时未能加载“/Game/Base/PhysMat_ZombieLimb”：无法找到文件。
[2020.09.07-09.59.10:560][  0]LoadErrors: 加载失败 /Game/Base/PhysMat_ZombieLimb.PhysMat_ZombieLimb 引用者 BodySetup_3
[2020.09.07-09.59.10:560][  0]LogLinker: Warning: 加载“../../../../../minigame/UE4/Content/AI/Zombie/SK_Mannequin_PhysicsAsset.uasset”时未能加载“/Game/Base/PhysMat_ZombieLimb”：无法找到文件。
[2020.09.07-09.59.10:560][  0]LoadErrors: 加载失败 /Game/Base/PhysMat_ZombieLimb.PhysMat_ZombieLimb 引用者 BodySetup_3
[2020.09.07-09.59.10:560][  0]LogLinker: Warning: 加载“../../../../../minigame/UE4/Content/AI/Zombie/SK_Mannequin_PhysicsAsset.uasset”时未能加载“/Game/Base/PhysMat_ZombieBody”：无法找到文件。
[2020.09.07-09.59.10:560][  0]LoadErrors: 加载失败 /Game/Base/PhysMat_ZombieBody.PhysMat_ZombieBody 引用者 BodySetup_33
[2020.09.07-09.59.10:560][  0]LogLinker: Warning: 加载“../../../../../minigame/UE4/Content/AI/Zombie/SK_Mannequin_PhysicsAsset.uasset”时未能加载“/Game/Base/PhysMat_ZombieBody”：无法找到文件。
[2020.09.07-09.59.10:560][  0]LoadErrors: 加载失败 /Game/Base/PhysMat_ZombieBody.PhysMat_ZombieBody 引用者 BodySetup_33
[2020.09.07-09.59.10:560][  0]LogLinker: Warning: 加载“../../../../../minigame/UE4/Content/AI/Zombie/SK_Mannequin_PhysicsAsset.uasset”时未能加载“/Game/Base/PhysMat_ZombieBody”：无法找到文件。
[2020.09.07-09.59.10:561][  0]LoadErrors: 加载失败 /Game/Base/PhysMat_ZombieBody.PhysMat_ZombieBody 引用者 BodySetup_36
[2020.09.07-09.59.10:561][  0]LogLinker: Warning: 加载“../../../../../minigame/UE4/Content/AI/Zombie/SK_Mannequin_PhysicsAsset.uasset”时未能加载“/Game/Base/PhysMat_ZombieBody”：无法找到文件。
[2020.09.07-09.59.10:561][  0]LoadErrors: 加载失败 /Game/Base/PhysMat_ZombieBody.PhysMat_ZombieBody 引用者 BodySetup_36
[2020.09.07-09.59.10:561][  0]LogLinker: Warning: 加载“../../../../../minigame/UE4/Content/AI/Zombie/SK_Mannequin_PhysicsAsset.uasset”时未能加载“/Game/Base/PhysMat_ZombieBody”：无法找到文件。
[2020.09.07-09.59.10:561][  0]LoadErrors: 加载失败 /Game/Base/PhysMat_ZombieBody.PhysMat_ZombieBody 引用者 BodySetup_39
[2020.09.07-09.59.10:561][  0]LogLinker: Warning: 加载“../../../../../minigame/UE4/Content/AI/Zombie/SK_Mannequin_PhysicsAsset.uasset”时未能加载“/Game/Base/PhysMat_ZombieBody”：无法找到文件。
[2020.09.07-09.59.10:561][  0]LoadErrors: 加载失败 /Game/Base/PhysMat_ZombieBody.PhysMat_ZombieBody 引用者 BodySetup_39
[2020.09.07-09.59.10:561][  0]LogLinker: Warning: 加载“../../../../../minigame/UE4/Content/AI/Zombie/SK_Mannequin_PhysicsAsset.uasset”时未能加载“/Game/Base/PhysMat_ZombieLimb”：无法找到文件。
[2020.09.07-09.59.10:561][  0]LoadErrors: 加载失败 /Game/Base/PhysMat_ZombieLimb.PhysMat_ZombieLimb 引用者 BodySetup_4
[2020.09.07-09.59.10:561][  0]LogLinker: Warning: 加载“../../../../../minigame/UE4/Content/AI/Zombie/SK_Mannequin_PhysicsAsset.uasset”时未能加载“/Game/Base/PhysMat_ZombieLimb”：无法找到文件。
[2020.09.07-09.59.10:561][  0]LoadErrors: 加载失败 /Game/Base/PhysMat_ZombieLimb.PhysMat_ZombieLimb 引用者 BodySetup_4
[2020.09.07-09.59.10:561][  0]LogLinker: Warning: 加载“../../../../../minigame/UE4/Content/AI/Zombie/SK_Mannequin_PhysicsAsset.uasset”时未能加载“/Game/Base/PhysMat_ZombieLimb”：无法找到文件。
[2020.09.07-09.59.10:561][  0]LoadErrors: 加载失败 /Game/Base/PhysMat_ZombieLimb.PhysMat_ZombieLimb 引用者 BodySetup_40
[2020.09.07-09.59.10:561][  0]LogLinker: Warning: 加载“../../../../../minigame/UE4/Content/AI/Zombie/SK_Mannequin_PhysicsAsset.uasset”时未能加载“/Game/Base/PhysMat_ZombieLimb”：无法找到文件。
[2020.09.07-09.59.10:561][  0]LoadErrors: 加载失败 /Game/Base/PhysMat_ZombieLimb.PhysMat_ZombieLimb 引用者 BodySetup_40
[2020.09.07-09.59.10:562][  0]LogLinker: Warning: 加载“../../../../../minigame/UE4/Content/AI/Zombie/SK_Mannequin_PhysicsAsset.uasset”时未能加载“/Game/Base/PhysMat_ZombieLimb”：无法找到文件。
[2020.09.07-09.59.10:562][  0]LoadErrors: 加载失败 /Game/Base/PhysMat_ZombieLimb.PhysMat_ZombieLimb 引用者 BodySetup_41
[2020.09.07-09.59.10:562][  0]LogLinker: Warning: 加载“../../../../../minigame/UE4/Content/AI/Zombie/SK_Mannequin_PhysicsAsset.uasset”时未能加载“/Game/Base/PhysMat_ZombieLimb”：无法找到文件。
[2020.09.07-09.59.10:562][  0]LoadErrors: 加载失败 /Game/Base/PhysMat_ZombieLimb.PhysMat_ZombieLimb 引用者 BodySetup_41
[2020.09.07-09.59.10:562][  0]LogLinker: Warning: 加载“../../../../../minigame/UE4/Content/AI/Zombie/SK_Mannequin_PhysicsAsset.uasset”时未能加载“/Game/Base/PhysMat_ZombieLimb”：无法找到文件。
[2020.09.07-09.59.10:562][  0]LoadErrors: 加载失败 /Game/Base/PhysMat_ZombieLimb.PhysMat_ZombieLimb 引用者 BodySetup_43
[2020.09.07-09.59.10:562][  0]LogLinker: Warning: 加载“../../../../../minigame/UE4/Content/AI/Zombie/SK_Mannequin_PhysicsAsset.uasset”时未能加载“/Game/Base/PhysMat_ZombieLimb”：无法找到文件。
[2020.09.07-09.59.10:562][  0]LoadErrors: 加载失败 /Game/Base/PhysMat_ZombieLimb.PhysMat_ZombieLimb 引用者 BodySetup_43
[2020.09.07-09.59.10:562][  0]LogLinker: Warning: 加载“../../../../../minigame/UE4/Content/AI/Zombie/SK_Mannequin_PhysicsAsset.uasset”时未能加载“/Game/Base/PhysMat_ZombieLimb”：无法找到文件。
[2020.09.07-09.59.10:562][  0]LoadErrors: 加载失败 /Game/Base/PhysMat_ZombieLimb.PhysMat_ZombieLimb 引用者 BodySetup_47
[2020.09.07-09.59.10:562][  0]LogLinker: Warning: 加载“../../../../../minigame/UE4/Content/AI/Zombie/SK_Mannequin_PhysicsAsset.uasset”时未能加载“/Game/Base/PhysMat_ZombieLimb”：无法找到文件。
[2020.09.07-09.59.10:562][  0]LoadErrors: 加载失败 /Game/Base/PhysMat_ZombieLimb.PhysMat_ZombieLimb 引用者 BodySetup_47
[2020.09.07-09.59.10:562][  0]LogLinker: Warning: 加载“../../../../../minigame/UE4/Content/AI/Zombie/SK_Mannequin_PhysicsAsset.uasset”时未能加载“/Game/Base/PhysMat_ZombieLimb”：无法找到文件。
[2020.09.07-09.59.10:562][  0]LoadErrors: 加载失败 /Game/Base/PhysMat_ZombieLimb.PhysMat_ZombieLimb 引用者 BodySetup_48
[2020.09.07-09.59.10:563][  0]LogLinker: Warning: 加载“../../../../../minigame/UE4/Content/AI/Zombie/SK_Mannequin_PhysicsAsset.uasset”时未能加载“/Game/Base/PhysMat_ZombieLimb”：无法找到文件。
[2020.09.07-09.59.10:563][  0]LoadErrors: 加载失败 /Game/Base/PhysMat_ZombieLimb.PhysMat_ZombieLimb 引用者 BodySetup_48
[2020.09.07-09.59.10:563][  0]LogLinker: Warning: 加载“../../../../../minigame/UE4/Content/AI/Zombie/SK_Mannequin_PhysicsAsset.uasset”时未能加载“/Game/Base/PhysMat_ZombieLimb”：无法找到文件。
[2020.09.07-09.59.10:563][  0]LoadErrors: 加载失败 /Game/Base/PhysMat_ZombieLimb.PhysMat_ZombieLimb 引用者 BodySetup_49
[2020.09.07-09.59.10:563][  0]LogLinker: Warning: 加载“../../../../../minigame/UE4/Content/AI/Zombie/SK_Mannequin_PhysicsAsset.uasset”时未能加载“/Game/Base/PhysMat_ZombieLimb”：无法找到文件。
[2020.09.07-09.59.10:563][  0]LoadErrors: 加载失败 /Game/Base/PhysMat_ZombieLimb.PhysMat_ZombieLimb 引用者 BodySetup_49
[2020.09.07-09.59.10:563][  0]LogLinker: Warning: 加载“../../../../../minigame/UE4/Content/AI/Zombie/SK_Mannequin_PhysicsAsset.uasset”时未能加载“/Game/Base/PhysMat_ZombieBody”：无法找到文件。
[2020.09.07-09.59.10:563][  0]LoadErrors: 加载失败 /Game/Base/PhysMat_ZombieBody.PhysMat_ZombieBody 引用者 BodySetup_50
[2020.09.07-09.59.10:563][  0]LogLinker: Warning: 加载“../../../../../minigame/UE4/Content/AI/Zombie/SK_Mannequin_PhysicsAsset.uasset”时未能加载“/Game/Base/PhysMat_ZombieBody”：无法找到文件。
[2020.09.07-09.59.10:563][  0]LoadErrors: 加载失败 /Game/Base/PhysMat_ZombieBody.PhysMat_ZombieBody 引用者 BodySetup_50
[2020.09.07-09.59.10:563][  0]LogLinker: Warning: 加载“../../../../../minigame/UE4/Content/AI/Zombie/SK_Mannequin_PhysicsAsset.uasset”时未能加载“/Game/Base/PhysMat_ZombieLimb”：无法找到文件。
[2020.09.07-09.59.10:563][  0]LoadErrors: 加载失败 /Game/Base/PhysMat_ZombieLimb.PhysMat_ZombieLimb 引用者 BodySetup_51
[2020.09.07-09.59.10:563][  0]LogLinker: Warning: 加载“../../../../../minigame/UE4/Content/AI/Zombie/SK_Mannequin_PhysicsAsset.uasset”时未能加载“/Game/Base/PhysMat_ZombieLimb”：无法找到文件。
[2020.09.07-09.59.10:563][  0]LoadErrors: 加载失败 /Game/Base/PhysMat_ZombieLimb.PhysMat_ZombieLimb 引用者 BodySetup_51
[2020.09.07-09.59.10:563][  0]LogLinker: Warning: 加载“../../../../../minigame/UE4/Content/AI/Zombie/SK_Mannequin_PhysicsAsset.uasset”时未能加载“/Game/Base/PhysMat_ZombieLimb”：无法找到文件。
[2020.09.07-09.59.10:563][  0]LoadErrors: 加载失败 /Game/Base/PhysMat_ZombieLimb.PhysMat_ZombieLimb 引用者 BodySetup_52
[2020.09.07-09.59.10:563][  0]LogLinker: Warning: 加载“../../../../../minigame/UE4/Content/AI/Zombie/SK_Mannequin_PhysicsAsset.uasset”时未能加载“/Game/Base/PhysMat_ZombieLimb”：无法找到文件。
[2020.09.07-09.59.10:564][  0]LoadErrors: 加载失败 /Game/Base/PhysMat_ZombieLimb.PhysMat_ZombieLimb 引用者 BodySetup_52
[2020.09.07-09.59.10:564][  0]LogLinker: Warning: 加载“../../../../../minigame/UE4/Content/AI/Zombie/SK_Mannequin_PhysicsAsset.uasset”时未能加载“/Game/Base/PhysMat_ZombieBody”：无法找到文件。
[2020.09.07-09.59.10:564][  0]LoadErrors: 加载失败 /Game/Base/PhysMat_ZombieBody.PhysMat_ZombieBody 引用者 BodySetup_53
[2020.09.07-09.59.10:564][  0]LogLinker: Warning: 加载“../../../../../minigame/UE4/Content/AI/Zombie/SK_Mannequin_PhysicsAsset.uasset”时未能加载“/Game/Base/PhysMat_ZombieBody”：无法找到文件。
[2020.09.07-09.59.10:564][  0]LoadErrors: 加载失败 /Game/Base/PhysMat_ZombieBody.PhysMat_ZombieBody 引用者 BodySetup_53
[2020.09.07-09.59.10:564][  0]LogLinker: Warning: 加载“../../../../../minigame/UE4/Content/AI/Zombie/SK_Mannequin_PhysicsAsset.uasset”时未能加载“/Game/Base/PhysMat_ZombieLimb”：无法找到文件。
[2020.09.07-09.59.10:564][  0]LoadErrors: 加载失败 /Game/Base/PhysMat_ZombieLimb.PhysMat_ZombieLimb 引用者 BodySetup_54
[2020.09.07-09.59.10:564][  0]LogLinker: Warning: 加载“../../../../../minigame/UE4/Content/AI/Zombie/SK_Mannequin_PhysicsAsset.uasset”时未能加载“/Game/Base/PhysMat_ZombieLimb”：无法找到文件。
[2020.09.07-09.59.10:564][  0]LoadErrors: 加载失败 /Game/Base/PhysMat_ZombieLimb.PhysMat_ZombieLimb 引用者 BodySetup_54
[2020.09.07-09.59.10:564][  0]LogLinker: Warning: 加载“../../../../../minigame/UE4/Content/AI/Zombie/SK_Mannequin_PhysicsAsset.uasset”时未能加载“/Game/Base/PhysMat_ZombieLimb”：无法找到文件。
[2020.09.07-09.59.10:564][  0]LoadErrors: 加载失败 /Game/Base/PhysMat_ZombieLimb.PhysMat_ZombieLimb 引用者 BodySetup_55
[2020.09.07-09.59.10:564][  0]LogLinker: Warning: 加载“../../../../../minigame/UE4/Content/AI/Zombie/SK_Mannequin_PhysicsAsset.uasset”时未能加载“/Game/Base/PhysMat_ZombieLimb”：无法找到文件。
[2020.09.07-09.59.10:564][  0]LoadErrors: 加载失败 /Game/Base/PhysMat_ZombieLimb.PhysMat_ZombieLimb 引用者 BodySetup_55
[2020.09.07-09.59.10:564][  0]LogLinker: Warning: 加载“../../../../../minigame/UE4/Content/AI/Zombie/SK_Mannequin_PhysicsAsset.uasset”时未能加载“/Game/Base/PhysMat_ZombieHead”：无法找到文件。
[2020.09.07-09.59.10:564][  0]LoadErrors: 加载失败 /Game/Base/PhysMat_ZombieHead.PhysMat_ZombieHead 引用者 BodySetup_56
[2020.09.07-09.59.10:564][  0]LogLinker: Warning: 加载“../../../../../minigame/UE4/Content/AI/Zombie/SK_Mannequin_PhysicsAsset.uasset”时未能加载“/Game/Base/PhysMat_ZombieHead”：无法找到文件。
[2020.09.07-09.59.10:564][  0]LoadErrors: 加载失败 /Game/Base/PhysMat_ZombieHead.PhysMat_ZombieHead 引用者 BodySetup_56
[2020.09.07-09.59.10:565][  0]LogLinker: Warning: 加载“../../../../../minigame/UE4/Content/AI/Zombie/SK_Mannequin_PhysicsAsset.uasset”时未能加载“/Game/Base/PhysMat_ZombieHead”：无法找到文件。
[2020.09.07-09.59.10:565][  0]LoadErrors: 加载失败 /Game/Base/PhysMat_ZombieHead.PhysMat_ZombieHead 引用者 BodySetup_57
[2020.09.07-09.59.10:565][  0]LogLinker: Warning: 加载“../../../../../minigame/UE4/Content/AI/Zombie/SK_Mannequin_PhysicsAsset.uasset”时未能加载“/Game/Base/PhysMat_ZombieHead”：无法找到文件。
[2020.09.07-09.59.10:565][  0]LoadErrors: 加载失败 /Game/Base/PhysMat_ZombieHead.PhysMat_ZombieHead 引用者 BodySetup_57
[2020.09.07-09.59.10:570][  0]LogLinker: Warning: 加载“../../../../../minigame/UE4/Content/AI/Zombie/Materials/M_Zombie_Body.uasset”时未能加载“/Game/Environment/Textures/T_Metal_Rust_N”：无法找到文件。
[2020.09.07-09.59.10:570][  0]LoadErrors: 加载失败 /Game/Environment/Textures/T_Metal_Rust_N.T_Metal_Rust_N 引用者 MaterialExpressionTextureSample_0
[2020.09.07-09.59.10:570][  0]LogLinker: Warning: 加载“../../../../../minigame/UE4/Content/AI/Zombie/Materials/M_Zombie_Body.uasset”时未能加载“/Game/Environment/Textures/T_Metal_Rust_N”：无法找到文件。
[2020.09.07-09.59.10:570][  0]LoadErrors: 加载失败 /Game/Environment/Textures/T_Metal_Rust_N.T_Metal_Rust_N 引用者 MaterialExpressionTextureSample_0
[2020.09.07-09.59.10:570][  0]LogLinker: Warning: 加载“../../../../../minigame/UE4/Content/AI/Zombie/Materials/M_Zombie_Body.uasset”时未能加载“/Game/Environment/Textures/T_MacroVariation”：无法找到文件。
[2020.09.07-09.59.10:570][  0]LoadErrors: 加载失败 /Game/Environment/Textures/T_MacroVariation.T_MacroVariation 引用者 MaterialExpressionTextureSample_1
[2020.09.07-09.59.10:570][  0]LogLinker: Warning: 加载“../../../../../minigame/UE4/Content/AI/Zombie/Materials/M_Zombie_Body.uasset”时未能加载“/Game/Environment/Textures/T_MacroVariation”：无法找到文件。
[2020.09.07-09.59.10:570][  0]LoadErrors: 加载失败 /Game/Environment/Textures/T_MacroVariation.T_MacroVariation 引用者 MaterialExpressionTextureSample_1
[2020.09.07-09.59.10:570][  0]LogLinker: Warning: 加载“../../../../../minigame/UE4/Content/AI/Zombie/Materials/M_Zombie_Body.uasset”时未能加载“/Game/Environment/Textures/T_MacroVariation”：无法找到文件。
[2020.09.07-09.59.10:571][  0]LoadErrors: 加载失败 /Game/Environment/Textures/T_MacroVariation.T_MacroVariation 引用者 MaterialExpressionTextureSample_2
[2020.09.07-09.59.10:571][  0]LogLinker: Warning: 加载“../../../../../minigame/UE4/Content/AI/Zombie/Materials/M_Zombie_Body.uasset”时未能加载“/Game/Environment/Textures/T_MacroVariation”：无法找到文件。
[2020.09.07-09.59.10:571][  0]LoadErrors: 加载失败 /Game/Environment/Textures/T_MacroVariation.T_MacroVariation 引用者 MaterialExpressionTextureSample_2
[2020.09.07-09.59.10:571][  0]LogLinker: Warning: 加载“../../../../../minigame/UE4/Content/AI/Zombie/Materials/M_Zombie_Body.uasset”时未能加载“/Game/Environment/Textures/T_MacroVariation”：无法找到文件。
[2020.09.07-09.59.10:571][  0]LoadErrors: 加载失败 /Game/Environment/Textures/T_MacroVariation.T_MacroVariation 引用者 MaterialExpressionTextureSample_3
[2020.09.07-09.59.10:571][  0]LogLinker: Warning: 加载“../../../../../minigame/UE4/Content/AI/Zombie/Materials/M_Zombie_Body.uasset”时未能加载“/Game/Environment/Textures/T_MacroVariation”：无法找到文件。
[2020.09.07-09.59.10:571][  0]LoadErrors: 加载失败 /Game/Environment/Textures/T_MacroVariation.T_MacroVariation 引用者 MaterialExpressionTextureSample_3
[2020.09.07-09.59.10:773][  0]LogLinker: Warning: 加载“../../../../../minigame/UE4/Content/AI/Zombie/Materials/MaterialLayers/ML_ZombieRust.uasset”时未能加载“/Game/Environment/Textures/T_Metal_Rust_D”：无法找到文件。
[2020.09.07-09.59.10:773][  0]LoadErrors: 加载失败 /Game/Environment/Textures/T_Metal_Rust_D.T_Metal_Rust_D 引用者 MaterialExpressionTextureSample_25
[2020.09.07-09.59.10:773][  0]LogLinker: Warning: 加载“../../../../../minigame/UE4/Content/AI/Zombie/Materials/MaterialLayers/ML_ZombieRust.uasset”时未能加载“/Game/Environment/Textures/T_Metal_Rust_D”：无法找到文件。
[2020.09.07-09.59.10:773][  0]LoadErrors: 加载失败 /Game/Environment/Textures/T_Metal_Rust_D.T_Metal_Rust_D 引用者 MaterialExpressionTextureSample_25
[2020.09.07-09.59.10:773][  0]LogLinker: Warning: 加载“../../../../../minigame/UE4/Content/AI/Zombie/Materials/MaterialLayers/ML_ZombieRust.uasset”时未能加载“/Game/Environment/Textures/T_MacroVariation”：无法找到文件。
[2020.09.07-09.59.10:773][  0]LoadErrors: 加载失败 /Game/Environment/Textures/T_MacroVariation.T_MacroVariation 引用者 MaterialExpressionTextureSample_27
[2020.09.07-09.59.10:773][  0]LogLinker: Warning: 加载“../../../../../minigame/UE4/Content/AI/Zombie/Materials/MaterialLayers/ML_ZombieRust.uasset”时未能加载“/Game/Environment/Textures/T_MacroVariation”：无法找到文件。
[2020.09.07-09.59.10:773][  0]LoadErrors: 加载失败 /Game/Environment/Textures/T_MacroVariation.T_MacroVariation 引用者 MaterialExpressionTextureSample_27
[2020.09.07-09.59.11:659][  0]LogMaterial: Display: Missing cached shader map for material M_Zombie_Body, compiling. 
[2020.09.07-09.59.11:932][  0]LogMaterial: Warning: F:\minigame\UE4\Content\AI\Zombie\Materials\M_Zombie_Body.uasset: Failed to compile Material for platform PCD3D_SM5, Default Material will be used in game.
[2020.09.07-09.59.11:932][  0]LogMaterial: Display: 	(Node TextureSample) Texture Sample> Missing input texture
[2020.09.07-09.59.11:932][  0]LogMaterial: Display: 	Function MatLayerBlend_BlendAngleCorrectedNormals: (Node MakeMaterialAttributes) Error on property Normal
[2020.09.07-09.59.11:932][  0]LogMaterial: Display: 	Function MatLayerBlend_Simple: (Node MakeMaterialAttributes) Error on property EmissiveColor
[2020.09.07-09.59.11:932][  0]LogMaterial: Display: 	Function ML_ZombieRust: (Node TextureSample) Texture Sample> Missing input texture
[2020.09.07-09.59.11:933][  0]LogMaterial: Display: 	Function ML_ZombieRust: (Node If) If input A must be of type float.
[2020.09.07-09.59.11:933][  0]LogMaterial: Display: 	Function ML_ZombieRust: (Node MakeMaterialAttributes) Error on property BaseColor
[2020.09.07-09.59.11:933][  0]LogMaterial: Display: 	Function MatLayerBlend_Simple: (Node MakeMaterialAttributes) Error on property BaseColor
[2020.09.07-09.59.11:933][  0]LogMaterial: Display: 	Function MatLayerBlend_Simple: (Node MakeMaterialAttributes) Error on property Metallic
[2020.09.07-09.59.11:933][  0]LogMaterial: Display: 	Function ML_Plastic_Shiny_Beige: (Node MakeMaterialAttributes) Error on property Roughness
[2020.09.07-09.59.11:933][  0]LogMaterial: Display: 	Function ML_ZombieRust: (Node MakeMaterialAttributes) Error on property Roughness
[2020.09.07-09.59.11:933][  0]LogMaterial: Display: 	Function MatLayerBlend_Simple: (Node MakeMaterialAttributes) Error on property Roughness
[2020.09.07-09.59.11:935][  0]LogMaterial: Display: Missing cached shader map for material M_Zombie_Body, compiling. 
[2020.09.07-09.59.11:937][  0]LogMaterial: Warning: F:\minigame\UE4\Content\AI\Zombie\Materials\MI_Zombie_ChestLogo.uasset: Failed to compile Material Instance with Base M_Zombie_Body for platform PCD3D_SM5, Default Material will be used in game.
[2020.09.07-09.59.11:937][  0]LogMaterial: Display: 	(Node TextureSample) Texture Sample> Missing input texture
[2020.09.07-09.59.11:937][  0]LogMaterial: Display: 	Function MatLayerBlend_BlendAngleCorrectedNormals: (Node MakeMaterialAttributes) Error on property Normal
[2020.09.07-09.59.11:937][  0]LogMaterial: Display: 	Function MatLayerBlend_Simple: (Node MakeMaterialAttributes) Error on property EmissiveColor
[2020.09.07-09.59.11:937][  0]LogMaterial: Display: 	Function ML_ZombieRust: (Node TextureSample) Texture Sample> Missing input texture
[2020.09.07-09.59.11:937][  0]LogMaterial: Display: 	Function ML_ZombieRust: (Node If) If input A must be of type float.
[2020.09.07-09.59.11:937][  0]LogMaterial: Display: 	Function ML_ZombieRust: (Node MakeMaterialAttributes) Error on property BaseColor
[2020.09.07-09.59.11:937][  0]LogMaterial: Display: 	Function MatLayerBlend_Simple: (Node MakeMaterialAttributes) Error on property BaseColor
[2020.09.07-09.59.11:937][  0]LogMaterial: Display: 	Function MatLayerBlend_Simple: (Node MakeMaterialAttributes) Error on property Metallic
[2020.09.07-09.59.11:937][  0]LogMaterial: Display: 	Function ML_Plastic_Shiny_Beige: (Node MakeMaterialAttributes) Error on property Roughness
[2020.09.07-09.59.11:937][  0]LogMaterial: Display: 	Function ML_ZombieRust: (Node MakeMaterialAttributes) Error on property Roughness
[2020.09.07-09.59.11:937][  0]LogMaterial: Display: 	Function MatLayerBlend_Simple: (Node MakeMaterialAttributes) Error on property Roughness
[2020.09.07-09.59.12:286][  0]LogAIModule: Creating AISystem for world ArenaMap
[2020.09.07-09.59.12:287][  0]LogAISub: UAISubsystem::UAISubsystem EnvQueryManager (00000186D1D06600), frame # 0
[2020.09.07-09.59.12:287][  0]LogAISub: UAISubsystem::UAISubsystem AIPerceptionSystem (00000186D1BBAC00), frame # 0
[2020.09.07-09.59.12:652][  0]LogEditorServer: Finished looking for orphan Actors (0.000 secs)
[2020.09.07-09.59.12:685][  0]LogUObjectHash: Compacting FUObjectHashTables data took   0.80ms
[2020.09.07-09.59.12:686][  0]Cmd: MAP CHECKDEP NOCLEARLOG
[2020.09.07-09.59.12:686][  0]MapCheck: 地图检测完成：0个错误、0个警告、完成用时0.075毫秒。
[2020.09.07-09.59.12:686][  0]LogFileHelpers: Loading map 'ArenaMap' took 7.203
[2020.09.07-09.59.12:798][  0]LogUnrealEdMisc: Total Editor Startup Time, took 21.337
[2020.09.07-09.59.13:877][  0]LogSlate: Updating window title bar state: overlay mode, drag disabled, window buttons hidden, title bar hidden
[2020.09.07-09.59.13:886][  0]LogSlate: Updating window title bar state: overlay mode, drag disabled, window buttons hidden, title bar hidden
[2020.09.07-09.59.13:893][  0]LogSlate: Updating window title bar state: overlay mode, drag disabled, window buttons hidden, title bar hidden
[2020.09.07-09.59.13:900][  0]LogSlate: Updating window title bar state: overlay mode, drag disabled, window buttons hidden, title bar hidden
[2020.09.07-09.59.14:154][  0]LogCollectionManager: Loaded 0 collections in 0.021896 seconds
[2020.09.07-09.59.14:627][  0]LogFileCache: Scanning file cache for directory 'F:/minigame/UE4/Saved/Collections/' took 0.00s
[2020.09.07-09.59.14:627][  0]LogFileCache: Scanning file cache for directory 'F:/minigame/UE4/Content/Developers/admin/Collections/' took 0.00s
[2020.09.07-09.59.14:627][  0]LogFileCache: Scanning file cache for directory 'F:/minigame/UE4/Content/Collections/' took 0.00s
[2020.09.07-09.59.14:627][  0]LogContentBrowser: Native class hierarchy populated in 0.0152 seconds. Added 3584 classes and 857 folders.
[2020.09.07-09.59.14:726][  0]LogContentBrowser: Native class hierarchy updated for 'WidgetCarousel' in 0.0008 seconds. Added 0 classes and 0 folders.
[2020.09.07-09.59.17:717][  0]LogContentBrowser: Native class hierarchy updated for 'AddContentDialog' in 0.0003 seconds. Added 0 classes and 0 folders.
[2020.09.07-09.59.17:832][  0]LogContentBrowser: Native class hierarchy updated for 'SceneOutliner' in 0.0003 seconds. Added 2 classes and 0 folders.
[2020.09.07-09.59.19:180][  0]LogSlate: Took 0.000204 seconds to synchronously load lazily loaded font '../../../Engine/Content/Slate/Fonts/Roboto-Regular.ttf' (155K)
[2020.09.07-09.59.19:183][  0]LogSlate: Took 0.001677 seconds to synchronously load lazily loaded font '../../../Engine/Content/Slate/Fonts/DroidSansFallback.ttf' (3848K)
[2020.09.07-09.59.19:184][  0]LogSlate: Took 0.000170 seconds to synchronously load lazily loaded font '../../../Engine/Content/Slate/Fonts/Roboto-Bold.ttf' (160K)
[2020.09.07-09.59.19:273][  0]LogSlate: Took 0.023023 seconds to synchronously load lazily loaded font '../../../Engine/Content/Editor/Slate/Fonts/FontAwesome.ttf' (139K)
[2020.09.07-09.59.19:774][  0]LogRenderer: Reallocating scene render targets to support 1208x572 Format 10 NumSamples 1 (Frame:1).
[2020.09.07-09.59.20:314][  0]LogContentBrowser: Native class hierarchy updated for 'HierarchicalLODOutliner' in 0.0003 seconds. Added 0 classes and 0 folders.
[2020.09.07-09.59.20:314][  0]LogLoad: (Engine Initialization) Total time: 28.85 seconds
[2020.09.07-09.59.20:314][  0]LogLoad: (Engine Initialization) Total Blueprint compile time: 0.00 seconds
[2020.09.07-09.59.20:402][  0]LogAssetRegistry: Asset discovery search completed in 21.1973 seconds
[2020.09.07-09.59.20:405][  0]LogCollectionManager: Fixed up redirectors for 0 collections in 0.000002 seconds (updated 0 objects)
[2020.09.07-09.59.20:448][  0]LogContentStreaming: Texture pool size now 1000 MB
[2020.09.07-09.59.20:673][  0]LogSlate: Took 0.054280 seconds to synchronously load lazily loaded font '../../../Engine/Content/Slate/Fonts/Roboto-Light.ttf' (167K)
[2020.09.07-09.59.20:773][  0]LogSlate: Took 0.049866 seconds to synchronously load lazily loaded font '../../../Engine/Content/Slate/Fonts/DroidSansMono.ttf' (77K)
[2020.09.07-09.59.21:793][  4]LogSlate: Took 0.000170 seconds to synchronously load lazily loaded font '../../../Engine/Content/Slate/Fonts/Roboto-Light.ttf' (167K)
[2020.09.07-09.59.28:812][ 26]LogSlate: Window '消息日志' being destroyed
[2020.09.07-09.59.28:817][ 26]LogSlate: Window '消息日志' being destroyed
[2020.09.07-10.03.59:268][825]LogAssetEditorSubsystem: Opening Asset editor for BehaviorTree /Game/Blueprints/ZombieBT.ZombieBT
[2020.09.07-10.04.00:001][825]LogSlate: Took 0.000282 seconds to synchronously load lazily loaded font '../../../Engine/Content/Slate/Fonts/Roboto-BoldCondensed.ttf' (158K)
[2020.09.07-10.04.15:760][717]LogSlate: Window 'ZombieBT' being destroyed
[2020.09.07-10.04.15:766][717]LogSlate: Window 'ZombieBT' being destroyed
[2020.09.07-10.09.21:111][771]LogUObjectHash: Compacting FUObjectHashTables data took   2.58ms
[2020.09.07-10.09.21:114][771]LogFileHelpers: Editor autosave (incl. sublevels) for '/Game/Maps/ArenaMap' took 0.339
[2020.09.07-10.09.21:135][771]OBJ SavePackage: Generating thumbnails for [0] asset(s) in package [/Game/Blueprints/ZombieBT] ([1] browsable assets)...
[2020.09.07-10.09.21:135][771]OBJ SavePackage: Finished generating thumbnails for package [/Game/Blueprints/ZombieBT]
[2020.09.07-10.09.21:135][771]Cmd: OBJ SAVEPACKAGE PACKAGE="/Game/Blueprints/ZombieBT" FILE="../../../../../minigame/UE4/Saved/Autosaves/Game/Blueprints/ZombieBT_Auto1.uasset" SILENT=false AUTOSAVING=true
[2020.09.07-10.09.21:922][771]LogSavePackage: Moving '../../../../../minigame/UE4/Saved/ZombieBT_Auto1C399108D499C3489091AABB91AC1AA0B.tmp' to '../../../../../minigame/UE4/Saved/Autosaves/Game/Blueprints/ZombieBT_Auto1.uasset'
[2020.09.07-10.09.21:980][771]LogFileHelpers: Auto-saving content packages took 0.865
[2020.09.07-16.49.36:094][667]LogUObjectHash: Compacting FUObjectHashTables data took   4.33ms
[2020.09.07-16.49.38:922][667]LogSlate: Window '保存内容' being destroyed
[2020.09.07-16.49.39:348][667]Cmd: OBJ SAVEPACKAGE PACKAGE="/Game/Blueprints/ZombieBT" FILE="../../../../../minigame/UE4/Content/Blueprints/ZombieBT.uasset" SILENT=true
[2020.09.07-16.49.39:932][667]LogSavePackage: Moving '../../../../../minigame/UE4/Saved/ZombieBT217D372346F73229515A118DFAE37705.tmp' to '../../../../../minigame/UE4/Content/Blueprints/ZombieBT.uasset'
[2020.09.07-16.49.40:454][667]LogSlate: Window 'demo0 - 虚幻编辑器' being destroyed
[2020.09.07-16.49.47:039][667]AssetCheck: New page: 资产保存：ZombieBT
[2020.09.07-16.49.47:087][667]LogContentValidation: Display: 正在验证BehaviorTree /Game/Blueprints/ZombieBT.ZombieBT
[2020.09.07-16.49.47:159][668]Cmd: QUIT_EDITOR
[2020.09.07-16.49.47:176][668]LogCore: Engine exit requested (reason: UUnrealEdEngine::CloseEditor())
[2020.09.07-16.49.47:627][668]LogCore: Engine exit requested (reason: EngineExit() was called; note: exit was already requested)
[2020.09.07-16.49.50:286][668]LogWindowsTextInputMethodSystem: Display: IME system now activated using TSF (微软拼音).
[2020.09.07-16.49.50:385][668]LogExit: Preparing to exit.
[2020.09.07-16.49.59:891][668]LogWorld: UWorld::CleanupWorld for World_0, bSessionEnded=true, bCleanupResources=true
[2020.09.07-16.50.00:312][668]LogWorld: UWorld::CleanupWorld for World_1, bSessionEnded=true, bCleanupResources=true
[2020.09.07-16.50.00:312][668]LogWorld: UWorld::CleanupWorld for World_2, bSessionEnded=true, bCleanupResources=true
[2020.09.07-16.50.00:312][668]LogWorld: UWorld::CleanupWorld for World_3, bSessionEnded=true, bCleanupResources=true
[2020.09.07-16.50.00:312][668]LogWorld: UWorld::CleanupWorld for World_4, bSessionEnded=true, bCleanupResources=true
[2020.09.07-16.50.00:312][668]LogWorld: UWorld::CleanupWorld for World_5, bSessionEnded=true, bCleanupResources=true
[2020.09.07-16.50.00:312][668]LogWorld: UWorld::CleanupWorld for World_6, bSessionEnded=true, bCleanupResources=true
[2020.09.07-16.50.00:312][668]LogWorld: UWorld::CleanupWorld for World_7, bSessionEnded=true, bCleanupResources=true
[2020.09.07-16.50.01:887][668]LogDemo: Cleaned up 0 splitscreen connections with owner deletion
[2020.09.07-16.50.02:320][668]LogWorld: UWorld::CleanupWorld for None, bSessionEnded=true, bCleanupResources=true
[2020.09.07-16.50.02:375][668]LogExit: Editor shut down
[2020.09.07-16.50.02:380][668]LogExit: Transaction tracking system shut down
[2020.09.07-16.50.04:823][668]LogAISub: UAISubsystem::~UAISubsystem AISubsystem (00000186DD13A3C0), frame # 82668
[2020.09.07-16.50.04:823][668]LogAISub: UAISubsystem::~UAISubsystem AIPerceptionSystem (00000186DD043B00), frame # 82668
[2020.09.07-16.50.04:854][668]LogAISub: UAISubsystem::~UAISubsystem EnvQueryManager (00000186DD0E1E00), frame # 82668
